{"E:\\data\\code\\claudecode\\chronofy\\chronofy-python\\npm\\index.js": {"path":"E:\\data\\code\\claudecode\\chronofy\\chronofy-python\\npm\\index.js","statementMap":{"0":{"start":{"line":10,"column":56},"end":{"line":10,"column":79}},"1":{"start":{"line":11,"column":26},"end":{"line":11,"column":53}},"2":{"start":{"line":12,"column":29},"end":{"line":12,"column":63}},"3":{"start":{"line":13,"column":29},"end":{"line":13,"column":60}},"4":{"start":{"line":14,"column":29},"end":{"line":14,"column":58}},"5":{"start":{"line":15,"column":29},"end":{"line":15,"column":60}},"6":{"start":{"line":16,"column":29},"end":{"line":16,"column":59}},"7":{"start":{"line":17,"column":29},"end":{"line":17,"column":62}},"8":{"start":{"line":18,"column":35},"end":{"line":18,"column":68}},"9":{"start":{"line":19,"column":49},"end":{"line":19,"column":86}},"10":{"start":{"line":23,"column":4},"end":{"line":23,"column":43}},"11":{"start":{"line":27,"column":4},"end":{"line":27,"column":43}},"12":{"start":{"line":28,"column":51},"end":{"line":28,"column":94}},"13":{"start":{"line":34,"column":4},"end":{"line":34,"column":28}},"14":{"start":{"line":36,"column":0},"end":{"line":58,"column":2}}},"fnMap":{},"branchMap":{},"s":{"0":1,"1":1,"2":1,"3":1,"4":1,"5":1,"6":1,"7":1,"8":1,"9":1,"10":1,"11":1,"12":1,"13":1,"14":1},"f":{},"b":{},"_coverageSchema":"1a1c01bbd47fc00a2c39e90264f33305004495a9","hash":"592250e9daae77d5188e26c27a4bbb8e6a055804"}
,"E:\\data\\code\\claudecode\\chronofy\\chronofy-python\\npm\\src\\models.js": {"path":"E:\\data\\code\\claudecode\\chronofy\\chronofy-python\\npm\\src\\models.js","statementMap":{"0":{"start":{"line":26,"column":4},"end":{"line":26,"column":57}},"1":{"start":{"line":26,"column":18},"end":{"line":26,"column":57}},"2":{"start":{"line":27,"column":4},"end":{"line":27,"column":82}},"3":{"start":{"line":27,"column":38},"end":{"line":27,"column":82}},"4":{"start":{"line":28,"column":4},"end":{"line":29,"column":57}},"5":{"start":{"line":29,"column":6},"end":{"line":29,"column":57}},"6":{"start":{"line":31,"column":4},"end":{"line":31,"column":27}},"7":{"start":{"line":32,"column":4},"end":{"line":32,"column":31}},"8":{"start":{"line":33,"column":4},"end":{"line":33,"column":29}},"9":{"start":{"line":34,"column":4},"end":{"line":34,"column":39}},"10":{"start":{"line":35,"column":4},"end":{"line":35,"column":53}},"11":{"start":{"line":36,"column":4},"end":{"line":36,"column":25}},"12":{"start":{"line":37,"column":4},"end":{"line":37,"column":29}},"13":{"start":{"line":46,"column":20},"end":{"line":46,"column":66}},"14":{"start":{"line":47,"column":4},"end":{"line":47,"column":43}},"15":{"start":{"line":59,"column":4},"end":{"line":59,"column":31}},"16":{"start":{"line":60,"column":4},"end":{"line":60,"column":27}},"17":{"start":{"line":61,"column":4},"end":{"line":61,"column":31}},"18":{"start":{"line":72,"column":4},"end":{"line":72,"column":23}},"19":{"start":{"line":73,"column":4},"end":{"line":73,"column":31}},"20":{"start":{"line":78,"column":17},"end":{"line":78,"column":26}},"21":{"start":{"line":79,"column":19},"end":{"line":79,"column":21}},"22":{"start":{"line":80,"column":4},"end":{"line":87,"column":5}},"23":{"start":{"line":81,"column":6},"end":{"line":86,"column":7}},"24":{"start":{"line":82,"column":8},"end":{"line":85,"column":9}},"25":{"start":{"line":83,"column":10},"end":{"line":83,"column":33}},"26":{"start":{"line":84,"column":10},"end":{"line":84,"column":28}},"27":{"start":{"line":88,"column":4},"end":{"line":88,"column":18}},"28":{"start":{"line":92,"column":0},"end":{"line":92,"column":65}}},"fnMap":{"0":{"name":"(anonymous_0)","decl":{"start":{"line":24,"column":2},"end":{"line":24,"column":3}},"loc":{"start":{"line":25,"column":77},"end":{"line":38,"column":3}},"line":25},"1":{"name":"(anonymous_1)","decl":{"start":{"line":45,"column":2},"end":{"line":45,"column":3}},"loc":{"start":{"line":45,"column":19},"end":{"line":48,"column":3}},"line":45},"2":{"name":"(anonymous_2)","decl":{"start":{"line":58,"column":2},"end":{"line":58,"column":3}},"loc":{"start":{"line":58,"column":54},"end":{"line":62,"column":3}},"line":58},"3":{"name":"(anonymous_3)","decl":{"start":{"line":71,"column":2},"end":{"line":71,"column":3}},"loc":{"start":{"line":71,"column":54},"end":{"line":74,"column":3}},"line":71},"4":{"name":"(anonymous_4)","decl":{"start":{"line":77,"column":2},"end":{"line":77,"column":3}},"loc":{"start":{"line":77,"column":17},"end":{"line":89,"column":3}},"line":77}},"branchMap":{"0":{"loc":{"start":{"line":24,"column":36},"end":{"line":24,"column":56}},"type":"default-arg","locations":[{"start":{"line":24,"column":47},"end":{"line":24,"column":56}}],"line":24},"1":{"loc":{"start":{"line":24,"column":58},"end":{"line":24,"column":77}},"type":"default-arg","locations":[{"start":{"line":24,"column":74},"end":{"line":24,"column":77}}],"line":24},"2":{"loc":{"start":{"line":25,"column":16},"end":{"line":25,"column":43}},"type":"default-arg","locations":[{"start":{"line":25,"column":39},"end":{"line":25,"column":43}}],"line":25},"3":{"loc":{"start":{"line":25,"column":45},"end":{"line":25,"column":58}},"type":"default-arg","locations":[{"start":{"line":25,"column":54},"end":{"line":25,"column":58}}],"line":25},"4":{"loc":{"start":{"line":25,"column":60},"end":{"line":25,"column":73}},"type":"default-arg","locations":[{"start":{"line":25,"column":71},"end":{"line":25,"column":73}}],"line":25},"5":{"loc":{"start":{"line":26,"column":4},"end":{"line":26,"column":57}},"type":"if","locations":[{"start":{"line":26,"column":4},"end":{"line":26,"column":57}},{"start":{},"end":{}}],"line":26},"6":{"loc":{"start":{"line":27,"column":4},"end":{"line":27,"column":82}},"type":"if","locations":[{"start":{"line":27,"column":4},"end":{"line":27,"column":82}},{"start":{},"end":{}}],"line":27},"7":{"loc":{"start":{"line":28,"column":4},"end":{"line":29,"column":57}},"type":"if","locations":[{"start":{"line":28,"column":4},"end":{"line":29,"column":57}},{"start":{},"end":{}}],"line":28},"8":{"loc":{"start":{"line":28,"column":8},"end":{"line":28,"column":47}},"type":"binary-expr","locations":[{"start":{"line":28,"column":8},"end":{"line":28,"column":26}},{"start":{"line":28,"column":30},"end":{"line":28,"column":47}}],"line":28},"9":{"loc":{"start":{"line":58,"column":36},"end":{"line":58,"column":50}},"type":"default-arg","locations":[{"start":{"line":58,"column":48},"end":{"line":58,"column":50}}],"line":58},"10":{"loc":{"start":{"line":71,"column":16},"end":{"line":71,"column":26}},"type":"default-arg","locations":[{"start":{"line":71,"column":24},"end":{"line":71,"column":26}}],"line":71},"11":{"loc":{"start":{"line":71,"column":28},"end":{"line":71,"column":50}},"type":"default-arg","locations":[{"start":{"line":71,"column":40},"end":{"line":71,"column":50}}],"line":71},"12":{"loc":{"start":{"line":82,"column":8},"end":{"line":85,"column":9}},"type":"if","locations":[{"start":{"line":82,"column":8},"end":{"line":85,"column":9}},{"start":{},"end":{}}],"line":82}},"s":{"0":61,"1":1,"2":60,"3":0,"4":60,"5":1,"6":59,"7":59,"8":59,"9":59,"10":59,"11":59,"12":59,"13":14,"14":14,"15":6,"16":6,"17":6,"18":6,"19":6,"20":1,"21":1,"22":1,"23":2,"24":2,"25":1,"26":1,"27":1,"28":1},"f":{"0":61,"1":14,"2":6,"3":6,"4":1},"b":{"0":[4],"1":[2],"2":[61],"3":[61],"4":[61],"5":[1,60],"6":[0,60],"7":[1,59],"8":[60,60],"9":[0],"10":[0],"11":[0],"12":[1,1]},"_coverageSchema":"1a1c01bbd47fc00a2c39e90264f33305004495a9","hash":"9df6171a9b86c8e270b31d5463dbcc0937ebefff"}
,"E:\\data\\code\\claudecode\\chronofy\\chronofy-python\\npm\\src\\plugins.js": {"path":"E:\\data\\code\\claudecode\\chronofy\\chronofy-python\\npm\\src\\plugins.js","statementMap":{"0":{"start":{"line":3,"column":26},"end":{"line":3,"column":49}},"1":{"start":{"line":4,"column":29},"end":{"line":4,"column":64}},"2":{"start":{"line":5,"column":28},"end":{"line":5,"column":63}},"3":{"start":{"line":8,"column":25},"end":{"line":8,"column":40}},"4":{"start":{"line":8,"column":41},"end":{"line":8,"column":77}},"5":{"start":{"line":11,"column":24},"end":{"line":14,"column":1}},"6":{"start":{"line":15,"column":20},"end":{"line":15,"column":52}},"7":{"start":{"line":19,"column":13},"end":{"line":19,"column":65}},"8":{"start":{"line":20,"column":2},"end":{"line":21,"column":82}},"9":{"start":{"line":21,"column":26},"end":{"line":21,"column":79}},"10":{"start":{"line":24,"column":20},"end":{"line":24,"column":90}},"11":{"start":{"line":24,"column":60},"end":{"line":24,"column":89}},"12":{"start":{"line":25,"column":20},"end":{"line":25,"column":42}},"13":{"start":{"line":26,"column":20},"end":{"line":26,"column":46}},"14":{"start":{"line":27,"column":20},"end":{"line":29,"column":1}},"15":{"start":{"line":32,"column":14},"end":{"line":32,"column":69}},"16":{"start":{"line":33,"column":2},"end":{"line":37,"column":6}},"17":{"start":{"line":34,"column":4},"end":{"line":37,"column":6}},"18":{"start":{"line":38,"column":2},"end":{"line":39,"column":85}},"19":{"start":{"line":39,"column":4},"end":{"line":39,"column":85}},"20":{"start":{"line":41,"column":2},"end":{"line":54,"column":3}},"21":{"start":{"line":43,"column":4},"end":{"line":44,"column":90}},"22":{"start":{"line":43,"column":10},"end":{"line":43,"column":49}},"23":{"start":{"line":44,"column":16},"end":{"line":44,"column":88}},"24":{"start":{"line":45,"column":4},"end":{"line":47,"column":77}},"25":{"start":{"line":46,"column":6},"end":{"line":47,"column":77}},"26":{"start":{"line":48,"column":4},"end":{"line":49,"column":88}},"27":{"start":{"line":49,"column":6},"end":{"line":49,"column":88}},"28":{"start":{"line":50,"column":4},"end":{"line":51,"column":87}},"29":{"start":{"line":51,"column":6},"end":{"line":51,"column":87}},"30":{"start":{"line":52,"column":4},"end":{"line":53,"column":88}},"31":{"start":{"line":53,"column":6},"end":{"line":53,"column":88}},"32":{"start":{"line":56,"column":2},"end":{"line":57,"column":90}},"33":{"start":{"line":57,"column":4},"end":{"line":57,"column":90}},"34":{"start":{"line":59,"column":16},"end":{"line":59,"column":57}},"35":{"start":{"line":60,"column":2},"end":{"line":62,"column":80}},"36":{"start":{"line":61,"column":4},"end":{"line":62,"column":80}},"37":{"start":{"line":64,"column":2},"end":{"line":64,"column":12}},"38":{"start":{"line":68,"column":14},"end":{"line":68,"column":85}},"39":{"start":{"line":69,"column":2},"end":{"line":71,"column":58}},"40":{"start":{"line":70,"column":4},"end":{"line":71,"column":58}},"41":{"start":{"line":72,"column":2},"end":{"line":73,"column":81}},"42":{"start":{"line":73,"column":4},"end":{"line":73,"column":81}},"43":{"start":{"line":76,"column":2},"end":{"line":77,"column":84}},"44":{"start":{"line":76,"column":8},"end":{"line":76,"column":51}},"45":{"start":{"line":77,"column":14},"end":{"line":77,"column":82}},"46":{"start":{"line":79,"column":2},"end":{"line":81,"column":70}},"47":{"start":{"line":80,"column":4},"end":{"line":81,"column":70}},"48":{"start":{"line":82,"column":2},"end":{"line":83,"column":82}},"49":{"start":{"line":83,"column":4},"end":{"line":83,"column":82}},"50":{"start":{"line":84,"column":2},"end":{"line":85,"column":82}},"51":{"start":{"line":85,"column":4},"end":{"line":85,"column":82}},"52":{"start":{"line":87,"column":2},"end":{"line":87,"column":16}},"53":{"start":{"line":91,"column":14},"end":{"line":91,"column":93}},"54":{"start":{"line":92,"column":2},"end":{"line":94,"column":57}},"55":{"start":{"line":93,"column":4},"end":{"line":94,"column":57}},"56":{"start":{"line":95,"column":2},"end":{"line":96,"column":83}},"57":{"start":{"line":96,"column":4},"end":{"line":96,"column":83}},"58":{"start":{"line":98,"column":2},"end":{"line":117,"column":3}},"59":{"start":{"line":100,"column":4},"end":{"line":104,"column":5}},"60":{"start":{"line":100,"column":10},"end":{"line":100,"column":44}},"61":{"start":{"line":102,"column":6},"end":{"line":103,"column":67}},"62":{"start":{"line":105,"column":4},"end":{"line":107,"column":76}},"63":{"start":{"line":106,"column":6},"end":{"line":107,"column":76}},"64":{"start":{"line":108,"column":4},"end":{"line":110,"column":77}},"65":{"start":{"line":109,"column":6},"end":{"line":110,"column":77}},"66":{"start":{"line":111,"column":4},"end":{"line":113,"column":77}},"67":{"start":{"line":112,"column":6},"end":{"line":113,"column":77}},"68":{"start":{"line":114,"column":4},"end":{"line":116,"column":78}},"69":{"start":{"line":115,"column":6},"end":{"line":116,"column":78}},"70":{"start":{"line":118,"column":2},"end":{"line":118,"column":18}},"71":{"start":{"line":121,"column":0},"end":{"line":126,"column":2}}},"fnMap":{"0":{"name":"(anonymous_0)","decl":{"start":{"line":8,"column":2},"end":{"line":8,"column":3}},"loc":{"start":{"line":8,"column":23},"end":{"line":8,"column":79}},"line":8},"1":{"name":"_makeProbeFactObj","decl":{"start":{"line":17,"column":9},"end":{"line":17,"column":26}},"loc":{"start":{"line":17,"column":39},"end":{"line":22,"column":1}},"line":17},"2":{"name":"(anonymous_2)","decl":{"start":{"line":21,"column":18},"end":{"line":21,"column":19}},"loc":{"start":{"line":21,"column":26},"end":{"line":21,"column":79}},"line":21},"3":{"name":"(anonymous_3)","decl":{"start":{"line":24,"column":40},"end":{"line":24,"column":41}},"loc":{"start":{"line":24,"column":60},"end":{"line":24,"column":89}},"line":24},"4":{"name":"validateDecayFunction","decl":{"start":{"line":31,"column":9},"end":{"line":31,"column":30}},"loc":{"start":{"line":31,"column":35},"end":{"line":65,"column":1}},"line":31},"5":{"name":"validateEstimationMethod","decl":{"start":{"line":67,"column":9},"end":{"line":67,"column":33}},"loc":{"start":{"line":67,"column":42},"end":{"line":88,"column":1}},"line":67},"6":{"name":"validateScoringStrategy","decl":{"start":{"line":90,"column":9},"end":{"line":90,"column":32}},"loc":{"start":{"line":90,"column":43},"end":{"line":119,"column":1}},"line":90}},"branchMap":{"0":{"loc":{"start":{"line":32,"column":14},"end":{"line":32,"column":69}},"type":"cond-expr","locations":[{"start":{"line":32,"column":37},"end":{"line":32,"column":56}},{"start":{"line":32,"column":59},"end":{"line":32,"column":69}}],"line":32},"1":{"loc":{"start":{"line":32,"column":14},"end":{"line":32,"column":34}},"type":"binary-expr","locations":[{"start":{"line":32,"column":14},"end":{"line":32,"column":16}},{"start":{"line":32,"column":20},"end":{"line":32,"column":34}}],"line":32},"2":{"loc":{"start":{"line":33,"column":2},"end":{"line":37,"column":6}},"type":"if","locations":[{"start":{"line":33,"column":2},"end":{"line":37,"column":6}},{"start":{},"end":{}}],"line":33},"3":{"loc":{"start":{"line":38,"column":2},"end":{"line":39,"column":85}},"type":"if","locations":[{"start":{"line":38,"column":2},"end":{"line":39,"column":85}},{"start":{},"end":{}}],"line":38},"4":{"loc":{"start":{"line":45,"column":4},"end":{"line":47,"column":77}},"type":"if","locations":[{"start":{"line":45,"column":4},"end":{"line":47,"column":77}},{"start":{},"end":{}}],"line":45},"5":{"loc":{"start":{"line":48,"column":4},"end":{"line":49,"column":88}},"type":"if","locations":[{"start":{"line":48,"column":4},"end":{"line":49,"column":88}},{"start":{},"end":{}}],"line":48},"6":{"loc":{"start":{"line":50,"column":4},"end":{"line":51,"column":87}},"type":"if","locations":[{"start":{"line":50,"column":4},"end":{"line":51,"column":87}},{"start":{},"end":{}}],"line":50},"7":{"loc":{"start":{"line":52,"column":4},"end":{"line":53,"column":88}},"type":"if","locations":[{"start":{"line":52,"column":4},"end":{"line":53,"column":88}},{"start":{},"end":{}}],"line":52},"8":{"loc":{"start":{"line":56,"column":2},"end":{"line":57,"column":90}},"type":"if","locations":[{"start":{"line":56,"column":2},"end":{"line":57,"column":90}},{"start":{},"end":{}}],"line":56},"9":{"loc":{"start":{"line":60,"column":2},"end":{"line":62,"column":80}},"type":"if","locations":[{"start":{"line":60,"column":2},"end":{"line":62,"column":80}},{"start":{},"end":{}}],"line":60},"10":{"loc":{"start":{"line":60,"column":6},"end":{"line":60,"column":66}},"type":"binary-expr","locations":[{"start":{"line":60,"column":6},"end":{"line":60,"column":27}},{"start":{"line":60,"column":31},"end":{"line":60,"column":66}}],"line":60},"11":{"loc":{"start":{"line":68,"column":14},"end":{"line":68,"column":85}},"type":"cond-expr","locations":[{"start":{"line":68,"column":45},"end":{"line":68,"column":68}},{"start":{"line":68,"column":71},"end":{"line":68,"column":85}}],"line":68},"12":{"loc":{"start":{"line":68,"column":14},"end":{"line":68,"column":42}},"type":"binary-expr","locations":[{"start":{"line":68,"column":14},"end":{"line":68,"column":20}},{"start":{"line":68,"column":24},"end":{"line":68,"column":42}}],"line":68},"13":{"loc":{"start":{"line":69,"column":2},"end":{"line":71,"column":58}},"type":"if","locations":[{"start":{"line":69,"column":2},"end":{"line":71,"column":58}},{"start":{},"end":{}}],"line":69},"14":{"loc":{"start":{"line":72,"column":2},"end":{"line":73,"column":81}},"type":"if","locations":[{"start":{"line":72,"column":2},"end":{"line":73,"column":81}},{"start":{},"end":{}}],"line":72},"15":{"loc":{"start":{"line":79,"column":2},"end":{"line":81,"column":70}},"type":"if","locations":[{"start":{"line":79,"column":2},"end":{"line":81,"column":70}},{"start":{},"end":{}}],"line":79},"16":{"loc":{"start":{"line":82,"column":2},"end":{"line":83,"column":82}},"type":"if","locations":[{"start":{"line":82,"column":2},"end":{"line":83,"column":82}},{"start":{},"end":{}}],"line":82},"17":{"loc":{"start":{"line":84,"column":2},"end":{"line":85,"column":82}},"type":"if","locations":[{"start":{"line":84,"column":2},"end":{"line":85,"column":82}},{"start":{},"end":{}}],"line":84},"18":{"loc":{"start":{"line":91,"column":14},"end":{"line":91,"column":93}},"type":"cond-expr","locations":[{"start":{"line":91,"column":49},"end":{"line":91,"column":74}},{"start":{"line":91,"column":77},"end":{"line":91,"column":93}}],"line":91},"19":{"loc":{"start":{"line":91,"column":14},"end":{"line":91,"column":46}},"type":"binary-expr","locations":[{"start":{"line":91,"column":14},"end":{"line":91,"column":22}},{"start":{"line":91,"column":26},"end":{"line":91,"column":46}}],"line":91},"20":{"loc":{"start":{"line":92,"column":2},"end":{"line":94,"column":57}},"type":"if","locations":[{"start":{"line":92,"column":2},"end":{"line":94,"column":57}},{"start":{},"end":{}}],"line":92},"21":{"loc":{"start":{"line":95,"column":2},"end":{"line":96,"column":83}},"type":"if","locations":[{"start":{"line":95,"column":2},"end":{"line":96,"column":83}},{"start":{},"end":{}}],"line":95},"22":{"loc":{"start":{"line":105,"column":4},"end":{"line":107,"column":76}},"type":"if","locations":[{"start":{"line":105,"column":4},"end":{"line":107,"column":76}},{"start":{},"end":{}}],"line":105},"23":{"loc":{"start":{"line":108,"column":4},"end":{"line":110,"column":77}},"type":"if","locations":[{"start":{"line":108,"column":4},"end":{"line":110,"column":77}},{"start":{},"end":{}}],"line":108},"24":{"loc":{"start":{"line":111,"column":4},"end":{"line":113,"column":77}},"type":"if","locations":[{"start":{"line":111,"column":4},"end":{"line":113,"column":77}},{"start":{},"end":{}}],"line":111},"25":{"loc":{"start":{"line":114,"column":4},"end":{"line":116,"column":78}},"type":"if","locations":[{"start":{"line":114,"column":4},"end":{"line":116,"column":78}},{"start":{},"end":{}}],"line":114}},"s":{"0":1,"1":1,"2":1,"3":5,"4":5,"5":1,"6":1,"7":4,"8":4,"9":16,"10":1,"11":4,"12":1,"13":1,"14":1,"15":6,"16":6,"17":1,"18":5,"19":0,"20":5,"21":14,"22":14,"23":0,"24":14,"25":0,"26":14,"27":1,"28":13,"29":0,"30":13,"31":1,"32":3,"33":0,"34":3,"35":3,"36":0,"37":3,"38":3,"39":3,"40":0,"41":3,"42":0,"43":3,"44":3,"45":0,"46":3,"47":0,"48":3,"49":0,"50":3,"51":1,"52":2,"53":3,"54":3,"55":0,"56":3,"57":0,"58":3,"59":17,"60":17,"61":0,"62":17,"63":0,"64":17,"65":0,"66":17,"67":0,"68":17,"69":1,"70":2,"71":1},"f":{"0":5,"1":4,"2":16,"3":4,"4":6,"5":3,"6":3},"b":{"0":[6,0],"1":[6,6],"2":[1,5],"3":[0,5],"4":[0,14],"5":[1,13],"6":[0,13],"7":[1,12],"8":[0,3],"9":[0,3],"10":[3,3],"11":[3,0],"12":[3,3],"13":[0,3],"14":[0,3],"15":[0,3],"16":[0,3],"17":[1,2],"18":[3,0],"19":[3,3],"20":[0,3],"21":[0,3],"22":[0,17],"23":[0,17],"24":[0,17],"25":[1,16]},"_coverageSchema":"1a1c01bbd47fc00a2c39e90264f33305004495a9","hash":"de093b6c844bee6721c8dcb58bba79eb1306f6fc"}
,"E:\\data\\code\\claudecode\\chronofy\\chronofy-python\\npm\\src\\analysis\\betaEstimator.js": {"path":"E:\\data\\code\\claudecode\\chronofy\\chronofy-python\\npm\\src\\analysis\\betaEstimator.js","statementMap":{"0":{"start":{"line":3,"column":29},"end":{"line":3,"column":60}},"1":{"start":{"line":7,"column":14},"end":{"line":7,"column":36}},"2":{"start":{"line":8,"column":10},"end":{"line":8,"column":12}},"3":{"start":{"line":8,"column":18},"end":{"line":8,"column":20}},"4":{"start":{"line":9,"column":10},"end":{"line":9,"column":27}},"5":{"start":{"line":9,"column":33},"end":{"line":9,"column":50}},"6":{"start":{"line":10,"column":11},"end":{"line":10,"column":15}},"7":{"start":{"line":10,"column":22},"end":{"line":10,"column":26}},"8":{"start":{"line":11,"column":2},"end":{"line":14,"column":3}},"9":{"start":{"line":12,"column":4},"end":{"line":13,"column":77}},"10":{"start":{"line":12,"column":19},"end":{"line":12,"column":25}},"11":{"start":{"line":12,"column":26},"end":{"line":12,"column":32}},"12":{"start":{"line":12,"column":33},"end":{"line":12,"column":41}},"13":{"start":{"line":12,"column":42},"end":{"line":12,"column":64}},"14":{"start":{"line":12,"column":65},"end":{"line":12,"column":75}},"15":{"start":{"line":13,"column":19},"end":{"line":13,"column":25}},"16":{"start":{"line":13,"column":26},"end":{"line":13,"column":32}},"17":{"start":{"line":13,"column":33},"end":{"line":13,"column":41}},"18":{"start":{"line":13,"column":42},"end":{"line":13,"column":64}},"19":{"start":{"line":13,"column":65},"end":{"line":13,"column":75}},"20":{"start":{"line":15,"column":15},"end":{"line":15,"column":26}},"21":{"start":{"line":16,"column":2},"end":{"line":16,"column":25}},"22":{"start":{"line":21,"column":11},"end":{"line":21,"column":12}},"23":{"start":{"line":22,"column":2},"end":{"line":26,"column":3}},"24":{"start":{"line":22,"column":15},"end":{"line":22,"column":16}},"25":{"start":{"line":23,"column":14},"end":{"line":23,"column":39}},"26":{"start":{"line":24,"column":4},"end":{"line":25,"column":55}},"27":{"start":{"line":27,"column":2},"end":{"line":27,"column":12}},"28":{"start":{"line":30,"column":17},"end":{"line":30,"column":19}},"29":{"start":{"line":40,"column":4},"end":{"line":40,"column":69}},"30":{"start":{"line":47,"column":19},"end":{"line":47,"column":47}},"31":{"start":{"line":48,"column":21},"end":{"line":48,"column":42}},"32":{"start":{"line":49,"column":4},"end":{"line":49,"column":33}},"33":{"start":{"line":49,"column":24},"end":{"line":49,"column":33}},"34":{"start":{"line":50,"column":4},"end":{"line":50,"column":38}},"35":{"start":{"line":50,"column":22},"end":{"line":50,"column":38}},"36":{"start":{"line":51,"column":19},"end":{"line":51,"column":86}},"37":{"start":{"line":51,"column":42},"end":{"line":51,"column":72}},"38":{"start":{"line":52,"column":4},"end":{"line":52,"column":29}},"39":{"start":{"line":59,"column":14},"end":{"line":59,"column":25}},"40":{"start":{"line":60,"column":19},"end":{"line":60,"column":51}},"41":{"start":{"line":61,"column":4},"end":{"line":61,"column":30}},"42":{"start":{"line":61,"column":21},"end":{"line":61,"column":30}},"43":{"start":{"line":62,"column":20},"end":{"line":62,"column":55}},"44":{"start":{"line":62,"column":42},"end":{"line":62,"column":47}},"45":{"start":{"line":63,"column":4},"end":{"line":63,"column":53}},"46":{"start":{"line":63,"column":37},"end":{"line":63,"column":53}},"47":{"start":{"line":64,"column":4},"end":{"line":64,"column":72}},"48":{"start":{"line":76,"column":4},"end":{"line":76,"column":12}},"49":{"start":{"line":77,"column":4},"end":{"line":78,"column":69}},"50":{"start":{"line":78,"column":6},"end":{"line":78,"column":69}},"51":{"start":{"line":79,"column":4},"end":{"line":88,"column":5}},"52":{"start":{"line":80,"column":6},"end":{"line":81,"column":68}},"53":{"start":{"line":81,"column":8},"end":{"line":81,"column":68}},"54":{"start":{"line":82,"column":6},"end":{"line":83,"column":65}},"55":{"start":{"line":82,"column":28},"end":{"line":82,"column":34}},"56":{"start":{"line":83,"column":8},"end":{"line":83,"column":65}},"57":{"start":{"line":84,"column":20},"end":{"line":84,"column":54}},"58":{"start":{"line":84,"column":45},"end":{"line":84,"column":50}},"59":{"start":{"line":85,"column":6},"end":{"line":85,"column":50}},"60":{"start":{"line":85,"column":39},"end":{"line":85,"column":48}},"61":{"start":{"line":87,"column":6},"end":{"line":87,"column":60}},"62":{"start":{"line":87,"column":40},"end":{"line":87,"column":58}},"63":{"start":{"line":89,"column":4},"end":{"line":89,"column":28}},"64":{"start":{"line":93,"column":18},"end":{"line":93,"column":60}},"65":{"start":{"line":93,"column":41},"end":{"line":93,"column":59}},"66":{"start":{"line":94,"column":4},"end":{"line":94,"column":66}},"67":{"start":{"line":94,"column":37},"end":{"line":94,"column":61}},"68":{"start":{"line":100,"column":4},"end":{"line":100,"column":21}},"69":{"start":{"line":101,"column":4},"end":{"line":101,"column":29}},"70":{"start":{"line":102,"column":4},"end":{"line":102,"column":39}},"71":{"start":{"line":103,"column":4},"end":{"line":103,"column":21}},"72":{"start":{"line":104,"column":4},"end":{"line":104,"column":25}},"73":{"start":{"line":105,"column":4},"end":{"line":105,"column":31}},"74":{"start":{"line":106,"column":4},"end":{"line":106,"column":29}},"75":{"start":{"line":107,"column":4},"end":{"line":107,"column":24}},"76":{"start":{"line":111,"column":4},"end":{"line":114,"column":39}},"77":{"start":{"line":127,"column":4},"end":{"line":127,"column":48}},"78":{"start":{"line":138,"column":4},"end":{"line":138,"column":78}},"79":{"start":{"line":138,"column":36},"end":{"line":138,"column":78}},"80":{"start":{"line":139,"column":4},"end":{"line":140,"column":63}},"81":{"start":{"line":140,"column":6},"end":{"line":140,"column":63}},"82":{"start":{"line":141,"column":17},"end":{"line":141,"column":59}},"83":{"start":{"line":142,"column":21},"end":{"line":142,"column":58}},"84":{"start":{"line":143,"column":15},"end":{"line":143,"column":48}},"85":{"start":{"line":144,"column":4},"end":{"line":148,"column":7}},"86":{"start":{"line":160,"column":4},"end":{"line":160,"column":81}},"87":{"start":{"line":160,"column":38},"end":{"line":160,"column":81}},"88":{"start":{"line":161,"column":4},"end":{"line":162,"column":65}},"89":{"start":{"line":162,"column":6},"end":{"line":162,"column":65}},"90":{"start":{"line":163,"column":19},"end":{"line":163,"column":21}},"91":{"start":{"line":164,"column":4},"end":{"line":169,"column":5}},"92":{"start":{"line":164,"column":17},"end":{"line":164,"column":18}},"93":{"start":{"line":165,"column":17},"end":{"line":165,"column":34}},"94":{"start":{"line":166,"column":6},"end":{"line":166,"column":60}},"95":{"start":{"line":166,"column":23},"end":{"line":166,"column":60}},"96":{"start":{"line":167,"column":6},"end":{"line":167,"column":54}},"97":{"start":{"line":168,"column":6},"end":{"line":168,"column":39}},"98":{"start":{"line":170,"column":20},"end":{"line":170,"column":22}},"99":{"start":{"line":171,"column":4},"end":{"line":173,"column":5}},"100":{"start":{"line":172,"column":6},"end":{"line":172,"column":60}},"101":{"start":{"line":174,"column":4},"end":{"line":174,"column":19}},"102":{"start":{"line":184,"column":17},"end":{"line":184,"column":19}},"103":{"start":{"line":185,"column":4},"end":{"line":185,"column":69}},"104":{"start":{"line":185,"column":51},"end":{"line":185,"column":69}},"105":{"start":{"line":186,"column":4},"end":{"line":186,"column":55}},"106":{"start":{"line":190,"column":0},"end":{"line":193,"column":2}}},"fnMap":{"0":{"name":"_goldenSectionMax","decl":{"start":{"line":6,"column":9},"end":{"line":6,"column":26}},"loc":{"start":{"line":6,"column":50},"end":{"line":17,"column":1}},"line":6},"1":{"name":"_logLikelihood","decl":{"start":{"line":20,"column":9},"end":{"line":20,"column":23}},"loc":{"start":{"line":20,"column":43},"end":{"line":28,"column":1}},"line":20},"2":{"name":"(anonymous_2)","decl":{"start":{"line":39,"column":2},"end":{"line":39,"column":3}},"loc":{"start":{"line":39,"column":19},"end":{"line":41,"column":3}},"line":39},"3":{"name":"(anonymous_3)","decl":{"start":{"line":46,"column":2},"end":{"line":46,"column":3}},"loc":{"start":{"line":46,"column":19},"end":{"line":53,"column":3}},"line":46},"4":{"name":"(anonymous_4)","decl":{"start":{"line":51,"column":37},"end":{"line":51,"column":38}},"loc":{"start":{"line":51,"column":42},"end":{"line":51,"column":72}},"line":51},"5":{"name":"(anonymous_5)","decl":{"start":{"line":58,"column":2},"end":{"line":58,"column":3}},"loc":{"start":{"line":58,"column":19},"end":{"line":65,"column":3}},"line":58},"6":{"name":"(anonymous_6)","decl":{"start":{"line":62,"column":32},"end":{"line":62,"column":33}},"loc":{"start":{"line":62,"column":42},"end":{"line":62,"column":47}},"line":62},"7":{"name":"(anonymous_7)","decl":{"start":{"line":75,"column":2},"end":{"line":75,"column":3}},"loc":{"start":{"line":75,"column":43},"end":{"line":90,"column":3}},"line":75},"8":{"name":"(anonymous_8)","decl":{"start":{"line":82,"column":23},"end":{"line":82,"column":24}},"loc":{"start":{"line":82,"column":28},"end":{"line":82,"column":34}},"line":82},"9":{"name":"(anonymous_9)","decl":{"start":{"line":84,"column":35},"end":{"line":84,"column":36}},"loc":{"start":{"line":84,"column":45},"end":{"line":84,"column":50}},"line":84},"10":{"name":"(anonymous_10)","decl":{"start":{"line":85,"column":34},"end":{"line":85,"column":35}},"loc":{"start":{"line":85,"column":39},"end":{"line":85,"column":48}},"line":85},"11":{"name":"(anonymous_11)","decl":{"start":{"line":87,"column":34},"end":{"line":87,"column":35}},"loc":{"start":{"line":87,"column":40},"end":{"line":87,"column":58}},"line":87},"12":{"name":"(anonymous_12)","decl":{"start":{"line":92,"column":2},"end":{"line":92,"column":3}},"loc":{"start":{"line":92,"column":19},"end":{"line":95,"column":3}},"line":92},"13":{"name":"(anonymous_13)","decl":{"start":{"line":93,"column":36},"end":{"line":93,"column":37}},"loc":{"start":{"line":93,"column":41},"end":{"line":93,"column":59}},"line":93},"14":{"name":"(anonymous_14)","decl":{"start":{"line":94,"column":24},"end":{"line":94,"column":25}},"loc":{"start":{"line":94,"column":37},"end":{"line":94,"column":61}},"line":94},"15":{"name":"(anonymous_15)","decl":{"start":{"line":99,"column":2},"end":{"line":99,"column":3}},"loc":{"start":{"line":99,"column":84},"end":{"line":108,"column":3}},"line":99},"16":{"name":"(anonymous_16)","decl":{"start":{"line":110,"column":2},"end":{"line":110,"column":3}},"loc":{"start":{"line":110,"column":11},"end":{"line":115,"column":3}},"line":110},"17":{"name":"(anonymous_17)","decl":{"start":{"line":126,"column":2},"end":{"line":126,"column":3}},"loc":{"start":{"line":126,"column":38},"end":{"line":128,"column":3}},"line":126},"18":{"name":"(anonymous_18)","decl":{"start":{"line":137,"column":2},"end":{"line":137,"column":3}},"loc":{"start":{"line":137,"column":45},"end":{"line":149,"column":3}},"line":137},"19":{"name":"(anonymous_19)","decl":{"start":{"line":159,"column":2},"end":{"line":159,"column":3}},"loc":{"start":{"line":159,"column":42},"end":{"line":175,"column":3}},"line":159},"20":{"name":"(anonymous_20)","decl":{"start":{"line":183,"column":2},"end":{"line":183,"column":3}},"loc":{"start":{"line":183,"column":38},"end":{"line":187,"column":3}},"line":183}},"branchMap":{"0":{"loc":{"start":{"line":6,"column":38},"end":{"line":6,"column":48}},"type":"default-arg","locations":[{"start":{"line":6,"column":44},"end":{"line":6,"column":48}}],"line":6},"1":{"loc":{"start":{"line":12,"column":4},"end":{"line":13,"column":77}},"type":"if","locations":[{"start":{"line":12,"column":4},"end":{"line":13,"column":77}},{"start":{"line":13,"column":17},"end":{"line":13,"column":77}}],"line":12},"2":{"loc":{"start":{"line":24,"column":10},"end":{"line":25,"column":54}},"type":"cond-expr","locations":[{"start":{"line":24,"column":21},"end":{"line":24,"column":50}},{"start":{"line":25,"column":21},"end":{"line":25,"column":54}}],"line":24},"3":{"loc":{"start":{"line":49,"column":4},"end":{"line":49,"column":33}},"type":"if","locations":[{"start":{"line":49,"column":4},"end":{"line":49,"column":33}},{"start":{},"end":{}}],"line":49},"4":{"loc":{"start":{"line":50,"column":4},"end":{"line":50,"column":38}},"type":"if","locations":[{"start":{"line":50,"column":4},"end":{"line":50,"column":38}},{"start":{},"end":{}}],"line":50},"5":{"loc":{"start":{"line":61,"column":4},"end":{"line":61,"column":30}},"type":"if","locations":[{"start":{"line":61,"column":4},"end":{"line":61,"column":30}},{"start":{},"end":{}}],"line":61},"6":{"loc":{"start":{"line":63,"column":4},"end":{"line":63,"column":53}},"type":"if","locations":[{"start":{"line":63,"column":4},"end":{"line":63,"column":53}},{"start":{},"end":{}}],"line":63},"7":{"loc":{"start":{"line":63,"column":8},"end":{"line":63,"column":35}},"type":"binary-expr","locations":[{"start":{"line":63,"column":8},"end":{"line":63,"column":19}},{"start":{"line":63,"column":23},"end":{"line":63,"column":35}}],"line":63},"8":{"loc":{"start":{"line":75,"column":25},"end":{"line":75,"column":39}},"type":"default-arg","locations":[{"start":{"line":75,"column":35},"end":{"line":75,"column":39}}],"line":75},"9":{"loc":{"start":{"line":77,"column":4},"end":{"line":78,"column":69}},"type":"if","locations":[{"start":{"line":77,"column":4},"end":{"line":78,"column":69}},{"start":{},"end":{}}],"line":77},"10":{"loc":{"start":{"line":77,"column":8},"end":{"line":77,"column":40}},"type":"binary-expr","locations":[{"start":{"line":77,"column":8},"end":{"line":77,"column":16}},{"start":{"line":77,"column":20},"end":{"line":77,"column":40}}],"line":77},"11":{"loc":{"start":{"line":79,"column":4},"end":{"line":88,"column":5}},"type":"if","locations":[{"start":{"line":79,"column":4},"end":{"line":88,"column":5}},{"start":{"line":86,"column":11},"end":{"line":88,"column":5}}],"line":79},"12":{"loc":{"start":{"line":80,"column":6},"end":{"line":81,"column":68}},"type":"if","locations":[{"start":{"line":80,"column":6},"end":{"line":81,"column":68}},{"start":{},"end":{}}],"line":80},"13":{"loc":{"start":{"line":82,"column":6},"end":{"line":83,"column":65}},"type":"if","locations":[{"start":{"line":82,"column":6},"end":{"line":83,"column":65}},{"start":{},"end":{}}],"line":82},"14":{"loc":{"start":{"line":126,"column":14},"end":{"line":126,"column":36}},"type":"default-arg","locations":[{"start":{"line":126,"column":34},"end":{"line":126,"column":36}}],"line":126},"15":{"loc":{"start":{"line":126,"column":16},"end":{"line":126,"column":29}},"type":"default-arg","locations":[{"start":{"line":126,"column":25},"end":{"line":126,"column":29}}],"line":126},"16":{"loc":{"start":{"line":127,"column":19},"end":{"line":127,"column":47}},"type":"binary-expr","locations":[{"start":{"line":127,"column":19},"end":{"line":127,"column":25}},{"start":{"line":127,"column":29},"end":{"line":127,"column":47}}],"line":127},"17":{"loc":{"start":{"line":137,"column":21},"end":{"line":137,"column":41}},"type":"default-arg","locations":[{"start":{"line":137,"column":32},"end":{"line":137,"column":41}}],"line":137},"18":{"loc":{"start":{"line":138,"column":4},"end":{"line":138,"column":78}},"type":"if","locations":[{"start":{"line":138,"column":4},"end":{"line":138,"column":78}},{"start":{},"end":{}}],"line":138},"19":{"loc":{"start":{"line":138,"column":8},"end":{"line":138,"column":34}},"type":"binary-expr","locations":[{"start":{"line":138,"column":8},"end":{"line":138,"column":13}},{"start":{"line":138,"column":17},"end":{"line":138,"column":34}}],"line":138},"20":{"loc":{"start":{"line":139,"column":4},"end":{"line":140,"column":63}},"type":"if","locations":[{"start":{"line":139,"column":4},"end":{"line":140,"column":63}},{"start":{},"end":{}}],"line":139},"21":{"loc":{"start":{"line":142,"column":21},"end":{"line":142,"column":58}},"type":"cond-expr","locations":[{"start":{"line":142,"column":32},"end":{"line":142,"column":47}},{"start":{"line":142,"column":50},"end":{"line":142,"column":58}}],"line":142},"22":{"loc":{"start":{"line":160,"column":4},"end":{"line":160,"column":81}},"type":"if","locations":[{"start":{"line":160,"column":4},"end":{"line":160,"column":81}},{"start":{},"end":{}}],"line":160},"23":{"loc":{"start":{"line":160,"column":8},"end":{"line":160,"column":36}},"type":"binary-expr","locations":[{"start":{"line":160,"column":8},"end":{"line":160,"column":14}},{"start":{"line":160,"column":18},"end":{"line":160,"column":36}}],"line":160},"24":{"loc":{"start":{"line":161,"column":4},"end":{"line":162,"column":65}},"type":"if","locations":[{"start":{"line":161,"column":4},"end":{"line":162,"column":65}},{"start":{},"end":{}}],"line":161},"25":{"loc":{"start":{"line":166,"column":6},"end":{"line":166,"column":60}},"type":"if","locations":[{"start":{"line":166,"column":6},"end":{"line":166,"column":60}},{"start":{},"end":{}}],"line":166},"26":{"loc":{"start":{"line":183,"column":19},"end":{"line":183,"column":36}},"type":"default-arg","locations":[{"start":{"line":183,"column":33},"end":{"line":183,"column":36}}],"line":183}},"s":{"0":1,"1":7,"2":7,"3":7,"4":7,"5":7,"6":7,"7":7,"8":7,"9":329,"10":126,"11":126,"12":126,"13":126,"14":126,"15":203,"16":203,"17":203,"18":203,"19":203,"20":7,"21":7,"22":359,"23":359,"24":359,"25":974,"26":974,"27":359,"28":1,"29":0,"30":9,"31":9,"32":9,"33":1,"34":8,"35":1,"36":7,"37":350,"38":7,"39":2,"40":2,"41":2,"42":0,"43":2,"44":6,"45":2,"46":0,"47":2,"48":1,"49":1,"50":0,"51":1,"52":0,"53":0,"54":0,"55":0,"56":0,"57":0,"58":0,"59":0,"60":0,"61":1,"62":2,"63":1,"64":1,"65":2,"66":1,"67":2,"68":9,"69":9,"70":9,"71":9,"72":9,"73":9,"74":9,"75":9,"76":0,"77":3,"78":11,"79":1,"80":10,"81":1,"82":9,"83":9,"84":9,"85":9,"86":1,"87":0,"88":1,"89":0,"90":1,"91":1,"92":1,"93":4,"94":4,"95":2,"96":4,"97":4,"98":1,"99":1,"100":2,"101":1,"102":1,"103":1,"104":1,"105":1,"106":1},"f":{"0":7,"1":359,"2":0,"3":9,"4":350,"5":2,"6":6,"7":1,"8":0,"9":0,"10":0,"11":2,"12":1,"13":2,"14":2,"15":9,"16":0,"17":3,"18":11,"19":1,"20":1},"b":{"0":[7],"1":[126,203],"2":[563,411],"3":[1,8],"4":[1,7],"5":[0,2],"6":[0,2],"7":[2,2],"8":[1],"9":[0,1],"10":[1,1],"11":[0,1],"12":[0,0],"13":[0,0],"14":[1],"15":[1],"16":[3,1],"17":[8],"18":[1,10],"19":[11,11],"20":[1,9],"21":[8,1],"22":[0,1],"23":[1,1],"24":[0,1],"25":[2,2],"26":[1]},"_coverageSchema":"1a1c01bbd47fc00a2c39e90264f33305004495a9","hash":"262748a97e5e84aade907bef3a9144ec9934b1b9"}
,"E:\\data\\code\\claudecode\\chronofy\\chronofy-python\\npm\\src\\analysis\\corpusStats.js": {"path":"E:\\data\\code\\claudecode\\chronofy\\chronofy-python\\npm\\src\\analysis\\corpusStats.js","statementMap":{"0":{"start":{"line":4,"column":21},"end":{"line":4,"column":70}},"1":{"start":{"line":4,"column":48},"end":{"line":4,"column":53}},"2":{"start":{"line":7,"column":2},"end":{"line":7,"column":31}},"3":{"start":{"line":7,"column":22},"end":{"line":7,"column":31}},"4":{"start":{"line":8,"column":13},"end":{"line":8,"column":22}},"5":{"start":{"line":9,"column":2},"end":{"line":9,"column":74}},"6":{"start":{"line":9,"column":39},"end":{"line":9,"column":56}},"7":{"start":{"line":13,"column":17},"end":{"line":13,"column":46}},"8":{"start":{"line":13,"column":40},"end":{"line":13,"column":45}},"9":{"start":{"line":14,"column":12},"end":{"line":14,"column":25}},"10":{"start":{"line":15,"column":2},"end":{"line":15,"column":32}},"11":{"start":{"line":15,"column":15},"end":{"line":15,"column":32}},"12":{"start":{"line":16,"column":14},"end":{"line":16,"column":33}},"13":{"start":{"line":17,"column":13},"end":{"line":17,"column":28}},"14":{"start":{"line":17,"column":35},"end":{"line":17,"column":49}},"15":{"start":{"line":18,"column":2},"end":{"line":18,"column":35}},"16":{"start":{"line":18,"column":17},"end":{"line":18,"column":35}},"17":{"start":{"line":19,"column":2},"end":{"line":19,"column":65}},"18":{"start":{"line":24,"column":4},"end":{"line":24,"column":67}},"19":{"start":{"line":25,"column":4},"end":{"line":25,"column":24}},"20":{"start":{"line":28,"column":4},"end":{"line":29,"column":80}},"21":{"start":{"line":35,"column":4},"end":{"line":35,"column":67}},"22":{"start":{"line":36,"column":4},"end":{"line":36,"column":24}},"23":{"start":{"line":39,"column":4},"end":{"line":40,"column":80}},"24":{"start":{"line":57,"column":4},"end":{"line":57,"column":24}},"25":{"start":{"line":58,"column":4},"end":{"line":58,"column":32}},"26":{"start":{"line":59,"column":4},"end":{"line":59,"column":28}},"27":{"start":{"line":60,"column":4},"end":{"line":60,"column":22}},"28":{"start":{"line":61,"column":4},"end":{"line":61,"column":28}},"29":{"start":{"line":62,"column":4},"end":{"line":62,"column":31}},"30":{"start":{"line":63,"column":4},"end":{"line":63,"column":36}},"31":{"start":{"line":66,"column":20},"end":{"line":66,"column":46}},"32":{"start":{"line":69,"column":4},"end":{"line":70,"column":66}},"33":{"start":{"line":70,"column":6},"end":{"line":70,"column":66}},"34":{"start":{"line":70,"column":40},"end":{"line":70,"column":64}},"35":{"start":{"line":71,"column":4},"end":{"line":71,"column":22}},"36":{"start":{"line":75,"column":4},"end":{"line":76,"column":82}},"37":{"start":{"line":76,"column":6},"end":{"line":76,"column":82}},"38":{"start":{"line":77,"column":4},"end":{"line":77,"column":28}},"39":{"start":{"line":81,"column":17},"end":{"line":81,"column":32}},"40":{"start":{"line":82,"column":4},"end":{"line":82,"column":34}},"41":{"start":{"line":82,"column":25},"end":{"line":82,"column":34}},"42":{"start":{"line":83,"column":4},"end":{"line":83,"column":49}},"43":{"start":{"line":87,"column":17},"end":{"line":87,"column":38}},"44":{"start":{"line":88,"column":4},"end":{"line":88,"column":31}},"45":{"start":{"line":88,"column":22},"end":{"line":88,"column":31}},"46":{"start":{"line":89,"column":4},"end":{"line":89,"column":23}},"47":{"start":{"line":93,"column":4},"end":{"line":101,"column":5}},"48":{"start":{"line":94,"column":19},"end":{"line":94,"column":34}},"49":{"start":{"line":95,"column":6},"end":{"line":95,"column":63}},"50":{"start":{"line":95,"column":26},"end":{"line":95,"column":48}},"51":{"start":{"line":95,"column":49},"end":{"line":95,"column":61}},"52":{"start":{"line":96,"column":6},"end":{"line":100,"column":9}},"53":{"start":{"line":102,"column":4},"end":{"line":102,"column":26}},"54":{"start":{"line":106,"column":4},"end":{"line":114,"column":5}},"55":{"start":{"line":107,"column":19},"end":{"line":107,"column":40}},"56":{"start":{"line":108,"column":6},"end":{"line":108,"column":68}},"57":{"start":{"line":108,"column":26},"end":{"line":108,"column":53}},"58":{"start":{"line":108,"column":54},"end":{"line":108,"column":66}},"59":{"start":{"line":109,"column":6},"end":{"line":113,"column":9}},"60":{"start":{"line":115,"column":4},"end":{"line":115,"column":31}},"61":{"start":{"line":124,"column":4},"end":{"line":124,"column":65}},"62":{"start":{"line":124,"column":23},"end":{"line":124,"column":65}},"63":{"start":{"line":125,"column":17},"end":{"line":125,"column":38}},"64":{"start":{"line":126,"column":4},"end":{"line":126,"column":31}},"65":{"start":{"line":126,"column":22},"end":{"line":126,"column":31}},"66":{"start":{"line":127,"column":4},"end":{"line":127,"column":64}},"67":{"start":{"line":127,"column":28},"end":{"line":127,"column":41}},"68":{"start":{"line":136,"column":4},"end":{"line":136,"column":67}},"69":{"start":{"line":136,"column":25},"end":{"line":136,"column":67}},"70":{"start":{"line":137,"column":4},"end":{"line":137,"column":42}},"71":{"start":{"line":137,"column":32},"end":{"line":137,"column":42}},"72":{"start":{"line":138,"column":23},"end":{"line":140,"column":28}},"73":{"start":{"line":138,"column":56},"end":{"line":138,"column":77}},"74":{"start":{"line":139,"column":22},"end":{"line":139,"column":27}},"75":{"start":{"line":140,"column":16},"end":{"line":140,"column":27}},"76":{"start":{"line":141,"column":4},"end":{"line":141,"column":41}},"77":{"start":{"line":141,"column":31},"end":{"line":141,"column":41}},"78":{"start":{"line":142,"column":18},"end":{"line":142,"column":39}},"79":{"start":{"line":143,"column":17},"end":{"line":143,"column":19}},"80":{"start":{"line":144,"column":4},"end":{"line":147,"column":5}},"81":{"start":{"line":144,"column":17},"end":{"line":144,"column":18}},"82":{"start":{"line":145,"column":18},"end":{"line":145,"column":71}},"83":{"start":{"line":146,"column":6},"end":{"line":146,"column":70}},"84":{"start":{"line":146,"column":24},"end":{"line":146,"column":70}},"85":{"start":{"line":148,"column":4},"end":{"line":148,"column":16}},"86":{"start":{"line":152,"column":4},"end":{"line":158,"column":6}},"87":{"start":{"line":162,"column":0},"end":{"line":162,"column":58}}},"fnMap":{"0":{"name":"_mean","decl":{"start":{"line":4,"column":9},"end":{"line":4,"column":14}},"loc":{"start":{"line":4,"column":19},"end":{"line":4,"column":72}},"line":4},"1":{"name":"(anonymous_1)","decl":{"start":{"line":4,"column":38},"end":{"line":4,"column":39}},"loc":{"start":{"line":4,"column":48},"end":{"line":4,"column":53}},"line":4},"2":{"name":"_std","decl":{"start":{"line":6,"column":9},"end":{"line":6,"column":13}},"loc":{"start":{"line":6,"column":18},"end":{"line":10,"column":1}},"line":6},"3":{"name":"(anonymous_3)","decl":{"start":{"line":9,"column":29},"end":{"line":9,"column":30}},"loc":{"start":{"line":9,"column":39},"end":{"line":9,"column":56}},"line":9},"4":{"name":"_percentile","decl":{"start":{"line":12,"column":9},"end":{"line":12,"column":20}},"loc":{"start":{"line":12,"column":28},"end":{"line":20,"column":1}},"line":12},"5":{"name":"(anonymous_5)","decl":{"start":{"line":13,"column":30},"end":{"line":13,"column":31}},"loc":{"start":{"line":13,"column":40},"end":{"line":13,"column":45}},"line":13},"6":{"name":"(anonymous_6)","decl":{"start":{"line":23,"column":2},"end":{"line":23,"column":3}},"loc":{"start":{"line":23,"column":57},"end":{"line":26,"column":3}},"line":23},"7":{"name":"(anonymous_7)","decl":{"start":{"line":27,"column":2},"end":{"line":27,"column":3}},"loc":{"start":{"line":27,"column":11},"end":{"line":30,"column":3}},"line":27},"8":{"name":"(anonymous_8)","decl":{"start":{"line":34,"column":2},"end":{"line":34,"column":3}},"loc":{"start":{"line":34,"column":57},"end":{"line":37,"column":3}},"line":34},"9":{"name":"(anonymous_9)","decl":{"start":{"line":38,"column":2},"end":{"line":38,"column":3}},"loc":{"start":{"line":38,"column":11},"end":{"line":41,"column":3}},"line":38},"10":{"name":"(anonymous_10)","decl":{"start":{"line":56,"column":2},"end":{"line":56,"column":3}},"loc":{"start":{"line":56,"column":45},"end":{"line":64,"column":3}},"line":56},"11":{"name":"(anonymous_11)","decl":{"start":{"line":66,"column":2},"end":{"line":66,"column":3}},"loc":{"start":{"line":66,"column":18},"end":{"line":66,"column":48}},"line":66},"12":{"name":"(anonymous_12)","decl":{"start":{"line":68,"column":2},"end":{"line":68,"column":3}},"loc":{"start":{"line":68,"column":13},"end":{"line":72,"column":3}},"line":68},"13":{"name":"(anonymous_13)","decl":{"start":{"line":70,"column":35},"end":{"line":70,"column":36}},"loc":{"start":{"line":70,"column":40},"end":{"line":70,"column":64}},"line":70},"14":{"name":"(anonymous_14)","decl":{"start":{"line":74,"column":2},"end":{"line":74,"column":3}},"loc":{"start":{"line":74,"column":19},"end":{"line":78,"column":3}},"line":74},"15":{"name":"(anonymous_15)","decl":{"start":{"line":80,"column":2},"end":{"line":80,"column":3}},"loc":{"start":{"line":80,"column":25},"end":{"line":84,"column":3}},"line":80},"16":{"name":"(anonymous_16)","decl":{"start":{"line":86,"column":2},"end":{"line":86,"column":3}},"loc":{"start":{"line":86,"column":25},"end":{"line":90,"column":3}},"line":86},"17":{"name":"(anonymous_17)","decl":{"start":{"line":92,"column":2},"end":{"line":92,"column":3}},"loc":{"start":{"line":92,"column":17},"end":{"line":103,"column":3}},"line":92},"18":{"name":"(anonymous_18)","decl":{"start":{"line":105,"column":2},"end":{"line":105,"column":3}},"loc":{"start":{"line":105,"column":22},"end":{"line":116,"column":3}},"line":105},"19":{"name":"(anonymous_19)","decl":{"start":{"line":123,"column":2},"end":{"line":123,"column":3}},"loc":{"start":{"line":123,"column":27},"end":{"line":128,"column":3}},"line":123},"20":{"name":"(anonymous_20)","decl":{"start":{"line":127,"column":23},"end":{"line":127,"column":24}},"loc":{"start":{"line":127,"column":28},"end":{"line":127,"column":41}},"line":127},"21":{"name":"(anonymous_21)","decl":{"start":{"line":135,"column":2},"end":{"line":135,"column":3}},"loc":{"start":{"line":135,"column":27},"end":{"line":149,"column":3}},"line":135},"22":{"name":"(anonymous_22)","decl":{"start":{"line":138,"column":51},"end":{"line":138,"column":52}},"loc":{"start":{"line":138,"column":56},"end":{"line":138,"column":77}},"line":138},"23":{"name":"(anonymous_23)","decl":{"start":{"line":139,"column":12},"end":{"line":139,"column":13}},"loc":{"start":{"line":139,"column":22},"end":{"line":139,"column":27}},"line":139},"24":{"name":"(anonymous_24)","decl":{"start":{"line":140,"column":11},"end":{"line":140,"column":12}},"loc":{"start":{"line":140,"column":16},"end":{"line":140,"column":27}},"line":140},"25":{"name":"(anonymous_25)","decl":{"start":{"line":151,"column":2},"end":{"line":151,"column":3}},"loc":{"start":{"line":151,"column":12},"end":{"line":159,"column":3}},"line":151}},"branchMap":{"0":{"loc":{"start":{"line":7,"column":2},"end":{"line":7,"column":31}},"type":"if","locations":[{"start":{"line":7,"column":2},"end":{"line":7,"column":31}},{"start":{},"end":{}}],"line":7},"1":{"loc":{"start":{"line":15,"column":2},"end":{"line":15,"column":32}},"type":"if","locations":[{"start":{"line":15,"column":2},"end":{"line":15,"column":32}},{"start":{},"end":{}}],"line":15},"2":{"loc":{"start":{"line":18,"column":2},"end":{"line":18,"column":35}},"type":"if","locations":[{"start":{"line":18,"column":2},"end":{"line":18,"column":35}},{"start":{},"end":{}}],"line":18},"3":{"loc":{"start":{"line":69,"column":4},"end":{"line":70,"column":66}},"type":"if","locations":[{"start":{"line":69,"column":4},"end":{"line":70,"column":66}},{"start":{},"end":{}}],"line":69},"4":{"loc":{"start":{"line":75,"column":4},"end":{"line":76,"column":82}},"type":"if","locations":[{"start":{"line":75,"column":4},"end":{"line":76,"column":82}},{"start":{},"end":{}}],"line":75},"5":{"loc":{"start":{"line":82,"column":4},"end":{"line":82,"column":34}},"type":"if","locations":[{"start":{"line":82,"column":4},"end":{"line":82,"column":34}},{"start":{},"end":{}}],"line":82},"6":{"loc":{"start":{"line":88,"column":4},"end":{"line":88,"column":31}},"type":"if","locations":[{"start":{"line":88,"column":4},"end":{"line":88,"column":31}},{"start":{},"end":{}}],"line":88},"7":{"loc":{"start":{"line":93,"column":4},"end":{"line":101,"column":5}},"type":"if","locations":[{"start":{"line":93,"column":4},"end":{"line":101,"column":5}},{"start":{},"end":{}}],"line":93},"8":{"loc":{"start":{"line":95,"column":6},"end":{"line":95,"column":63}},"type":"if","locations":[{"start":{"line":95,"column":6},"end":{"line":95,"column":63}},{"start":{},"end":{}}],"line":95},"9":{"loc":{"start":{"line":106,"column":4},"end":{"line":114,"column":5}},"type":"if","locations":[{"start":{"line":106,"column":4},"end":{"line":114,"column":5}},{"start":{},"end":{}}],"line":106},"10":{"loc":{"start":{"line":108,"column":6},"end":{"line":108,"column":68}},"type":"if","locations":[{"start":{"line":108,"column":6},"end":{"line":108,"column":68}},{"start":{},"end":{}}],"line":108},"11":{"loc":{"start":{"line":124,"column":4},"end":{"line":124,"column":65}},"type":"if","locations":[{"start":{"line":124,"column":4},"end":{"line":124,"column":65}},{"start":{},"end":{}}],"line":124},"12":{"loc":{"start":{"line":126,"column":4},"end":{"line":126,"column":31}},"type":"if","locations":[{"start":{"line":126,"column":4},"end":{"line":126,"column":31}},{"start":{},"end":{}}],"line":126},"13":{"loc":{"start":{"line":136,"column":4},"end":{"line":136,"column":67}},"type":"if","locations":[{"start":{"line":136,"column":4},"end":{"line":136,"column":67}},{"start":{},"end":{}}],"line":136},"14":{"loc":{"start":{"line":137,"column":4},"end":{"line":137,"column":42}},"type":"if","locations":[{"start":{"line":137,"column":4},"end":{"line":137,"column":42}},{"start":{},"end":{}}],"line":137},"15":{"loc":{"start":{"line":141,"column":4},"end":{"line":141,"column":41}},"type":"if","locations":[{"start":{"line":141,"column":4},"end":{"line":141,"column":41}},{"start":{},"end":{}}],"line":141},"16":{"loc":{"start":{"line":146,"column":6},"end":{"line":146,"column":70}},"type":"if","locations":[{"start":{"line":146,"column":6},"end":{"line":146,"column":70}},{"start":{},"end":{}}],"line":146},"17":{"loc":{"start":{"line":156,"column":16},"end":{"line":156,"column":61}},"type":"cond-expr","locations":[{"start":{"line":156,"column":32},"end":{"line":156,"column":54}},{"start":{"line":156,"column":57},"end":{"line":156,"column":61}}],"line":156},"18":{"loc":{"start":{"line":157,"column":21},"end":{"line":157,"column":76}},"type":"cond-expr","locations":[{"start":{"line":157,"column":42},"end":{"line":157,"column":69}},{"start":{"line":157,"column":72},"end":{"line":157,"column":76}}],"line":157}},"s":{"0":5,"1":13,"2":3,"3":2,"4":1,"5":1,"6":5,"7":9,"8":12,"9":9,"10":9,"11":6,"12":3,"13":3,"14":3,"15":3,"16":3,"17":0,"18":2,"19":2,"20":1,"21":1,"22":1,"23":1,"24":7,"25":7,"26":7,"27":7,"28":7,"29":7,"30":7,"31":2,"32":5,"33":4,"34":8,"35":5,"36":3,"37":2,"38":3,"39":2,"40":2,"41":1,"42":1,"43":2,"44":2,"45":1,"46":1,"47":4,"48":3,"49":3,"50":1,"51":1,"52":2,"53":3,"54":2,"55":1,"56":1,"57":0,"58":0,"59":1,"60":2,"61":1,"62":1,"63":0,"64":0,"65":0,"66":0,"67":0,"68":2,"69":1,"70":1,"71":0,"72":1,"73":2,"74":1,"75":2,"76":1,"77":0,"78":1,"79":1,"80":1,"81":1,"82":1,"83":1,"84":1,"85":1,"86":1,"87":1},"f":{"0":5,"1":13,"2":3,"3":5,"4":9,"5":12,"6":2,"7":1,"8":1,"9":1,"10":7,"11":2,"12":5,"13":8,"14":3,"15":2,"16":2,"17":4,"18":2,"19":1,"20":0,"21":2,"22":2,"23":1,"24":2,"25":1},"b":{"0":[2,1],"1":[6,3],"2":[3,0],"3":[4,1],"4":[2,1],"5":[1,1],"6":[1,1],"7":[3,1],"8":[1,2],"9":[1,1],"10":[0,1],"11":[1,0],"12":[0,0],"13":[1,1],"14":[0,1],"15":[0,1],"16":[1,0],"17":[1,0],"18":[1,0]},"_coverageSchema":"1a1c01bbd47fc00a2c39e90264f33305004495a9","hash":"9255ed324ead70ba9118fc27e17f3e4401153d75"}
,"E:\\data\\code\\claudecode\\chronofy\\chronofy-python\\npm\\src\\comparison\\decayComparison.js": {"path":"E:\\data\\code\\claudecode\\chronofy\\chronofy-python\\npm\\src\\comparison\\decayComparison.js","statementMap":{"0":{"start":{"line":3,"column":17},"end":{"line":3,"column":21}},"1":{"start":{"line":5,"column":16},"end":{"line":10,"column":1}},"2":{"start":{"line":15,"column":14},"end":{"line":15,"column":54}},"3":{"start":{"line":15,"column":38},"end":{"line":15,"column":53}},"4":{"start":{"line":16,"column":14},"end":{"line":16,"column":54}},"5":{"start":{"line":16,"column":38},"end":{"line":16,"column":53}},"6":{"start":{"line":17,"column":2},"end":{"line":17,"column":45}},"7":{"start":{"line":17,"column":34},"end":{"line":17,"column":45}},"8":{"start":{"line":18,"column":19},"end":{"line":18,"column":20}},"9":{"start":{"line":19,"column":2},"end":{"line":22,"column":3}},"10":{"start":{"line":19,"column":23},"end":{"line":22,"column":3}},"11":{"start":{"line":20,"column":4},"end":{"line":21,"column":40}},"12":{"start":{"line":20,"column":15},"end":{"line":20,"column":31}},"13":{"start":{"line":21,"column":9},"end":{"line":21,"column":40}},"14":{"start":{"line":21,"column":22},"end":{"line":21,"column":40}},"15":{"start":{"line":23,"column":2},"end":{"line":23,"column":48}},"16":{"start":{"line":27,"column":2},"end":{"line":27,"column":31}},"17":{"start":{"line":27,"column":22},"end":{"line":27,"column":31}},"18":{"start":{"line":28,"column":2},"end":{"line":28,"column":83}},"19":{"start":{"line":28,"column":37},"end":{"line":28,"column":62}},"20":{"start":{"line":32,"column":2},"end":{"line":32,"column":31}},"21":{"start":{"line":32,"column":22},"end":{"line":32,"column":31}},"22":{"start":{"line":33,"column":14},"end":{"line":33,"column":15}},"23":{"start":{"line":34,"column":2},"end":{"line":37,"column":3}},"24":{"start":{"line":34,"column":15},"end":{"line":34,"column":16}},"25":{"start":{"line":35,"column":14},"end":{"line":35,"column":67}},"26":{"start":{"line":36,"column":4},"end":{"line":36,"column":61}},"27":{"start":{"line":38,"column":2},"end":{"line":38,"column":31}},"28":{"start":{"line":42,"column":12},"end":{"line":42,"column":21}},"29":{"start":{"line":43,"column":18},"end":{"line":43,"column":68}},"30":{"start":{"line":43,"column":54},"end":{"line":43,"column":67}},"31":{"start":{"line":44,"column":16},"end":{"line":44,"column":36}},"32":{"start":{"line":45,"column":10},"end":{"line":45,"column":11}},"33":{"start":{"line":46,"column":2},"end":{"line":52,"column":3}},"34":{"start":{"line":47,"column":12},"end":{"line":47,"column":13}},"35":{"start":{"line":48,"column":4},"end":{"line":48,"column":67}},"36":{"start":{"line":48,"column":63},"end":{"line":48,"column":67}},"37":{"start":{"line":49,"column":20},"end":{"line":49,"column":35}},"38":{"start":{"line":50,"column":4},"end":{"line":50,"column":61}},"39":{"start":{"line":50,"column":17},"end":{"line":50,"column":18}},"40":{"start":{"line":50,"column":33},"end":{"line":50,"column":61}},"41":{"start":{"line":51,"column":4},"end":{"line":51,"column":14}},"42":{"start":{"line":53,"column":2},"end":{"line":53,"column":15}},"43":{"start":{"line":57,"column":12},"end":{"line":57,"column":21}},"44":{"start":{"line":58,"column":2},"end":{"line":58,"column":22}},"45":{"start":{"line":58,"column":13},"end":{"line":58,"column":22}},"46":{"start":{"line":59,"column":13},"end":{"line":59,"column":43}},"47":{"start":{"line":59,"column":33},"end":{"line":59,"column":38}},"48":{"start":{"line":60,"column":13},"end":{"line":60,"column":43}},"49":{"start":{"line":60,"column":33},"end":{"line":60,"column":38}},"50":{"start":{"line":61,"column":14},"end":{"line":61,"column":68}},"51":{"start":{"line":61,"column":37},"end":{"line":61,"column":64}},"52":{"start":{"line":62,"column":13},"end":{"line":62,"column":54}},"53":{"start":{"line":62,"column":33},"end":{"line":62,"column":50}},"54":{"start":{"line":63,"column":13},"end":{"line":63,"column":54}},"55":{"start":{"line":63,"column":33},"end":{"line":63,"column":50}},"56":{"start":{"line":64,"column":16},"end":{"line":64,"column":34}},"57":{"start":{"line":65,"column":2},"end":{"line":65,"column":39}},"58":{"start":{"line":69,"column":2},"end":{"line":69,"column":34}},"59":{"start":{"line":69,"column":25},"end":{"line":69,"column":34}},"60":{"start":{"line":70,"column":2},"end":{"line":70,"column":60}},"61":{"start":{"line":77,"column":4},"end":{"line":77,"column":21}},"62":{"start":{"line":78,"column":4},"end":{"line":78,"column":27}},"63":{"start":{"line":79,"column":4},"end":{"line":79,"column":27}},"64":{"start":{"line":80,"column":4},"end":{"line":80,"column":35}},"65":{"start":{"line":81,"column":4},"end":{"line":81,"column":29}},"66":{"start":{"line":82,"column":4},"end":{"line":82,"column":51}},"67":{"start":{"line":83,"column":4},"end":{"line":83,"column":24}},"68":{"start":{"line":87,"column":4},"end":{"line":89,"column":61}},"69":{"start":{"line":104,"column":4},"end":{"line":105,"column":74}},"70":{"start":{"line":105,"column":6},"end":{"line":105,"column":74}},"71":{"start":{"line":106,"column":4},"end":{"line":107,"column":49}},"72":{"start":{"line":107,"column":6},"end":{"line":107,"column":49}},"73":{"start":{"line":108,"column":4},"end":{"line":109,"column":95}},"74":{"start":{"line":109,"column":6},"end":{"line":109,"column":95}},"75":{"start":{"line":110,"column":4},"end":{"line":110,"column":30}},"76":{"start":{"line":111,"column":4},"end":{"line":111,"column":24}},"77":{"start":{"line":112,"column":4},"end":{"line":112,"column":26}},"78":{"start":{"line":113,"column":4},"end":{"line":113,"column":32}},"79":{"start":{"line":114,"column":4},"end":{"line":114,"column":23}},"80":{"start":{"line":118,"column":4},"end":{"line":118,"column":48}},"81":{"start":{"line":118,"column":22},"end":{"line":118,"column":48}},"82":{"start":{"line":119,"column":4},"end":{"line":119,"column":28}},"83":{"start":{"line":123,"column":4},"end":{"line":124,"column":95}},"84":{"start":{"line":124,"column":6},"end":{"line":124,"column":95}},"85":{"start":{"line":125,"column":20},"end":{"line":125,"column":34}},"86":{"start":{"line":126,"column":4},"end":{"line":128,"column":64}},"87":{"start":{"line":127,"column":33},"end":{"line":127,"column":62}},"88":{"start":{"line":128,"column":33},"end":{"line":128,"column":62}},"89":{"start":{"line":132,"column":20},"end":{"line":132,"column":34}},"90":{"start":{"line":133,"column":4},"end":{"line":141,"column":6}},"91":{"start":{"line":140,"column":32},"end":{"line":140,"column":42}},"92":{"start":{"line":145,"column":22},"end":{"line":145,"column":54}},"93":{"start":{"line":145,"column":44},"end":{"line":145,"column":53}},"94":{"start":{"line":146,"column":20},"end":{"line":146,"column":22}},"95":{"start":{"line":147,"column":4},"end":{"line":156,"column":5}},"96":{"start":{"line":148,"column":21},"end":{"line":148,"column":71}},"97":{"start":{"line":149,"column":6},"end":{"line":155,"column":10}},"98":{"start":{"line":157,"column":4},"end":{"line":157,"column":57}},"99":{"start":{"line":157,"column":34},"end":{"line":157,"column":55}},"100":{"start":{"line":161,"column":0},"end":{"line":161,"column":60}}},"fnMap":{"0":{"name":"_auroc","decl":{"start":{"line":14,"column":9},"end":{"line":14,"column":15}},"loc":{"start":{"line":14,"column":32},"end":{"line":24,"column":1}},"line":14},"1":{"name":"(anonymous_1)","decl":{"start":{"line":15,"column":28},"end":{"line":15,"column":29}},"loc":{"start":{"line":15,"column":38},"end":{"line":15,"column":53}},"line":15},"2":{"name":"(anonymous_2)","decl":{"start":{"line":16,"column":28},"end":{"line":16,"column":29}},"loc":{"start":{"line":16,"column":38},"end":{"line":16,"column":53}},"line":16},"3":{"name":"_brierScore","decl":{"start":{"line":26,"column":9},"end":{"line":26,"column":20}},"loc":{"start":{"line":26,"column":37},"end":{"line":29,"column":1}},"line":26},"4":{"name":"(anonymous_4)","decl":{"start":{"line":28,"column":23},"end":{"line":28,"column":24}},"loc":{"start":{"line":28,"column":37},"end":{"line":28,"column":62}},"line":28},"5":{"name":"_logLoss","decl":{"start":{"line":31,"column":9},"end":{"line":31,"column":17}},"loc":{"start":{"line":31,"column":34},"end":{"line":39,"column":1}},"line":31},"6":{"name":"_rank","decl":{"start":{"line":41,"column":9},"end":{"line":41,"column":14}},"loc":{"start":{"line":41,"column":19},"end":{"line":54,"column":1}},"line":41},"7":{"name":"(anonymous_7)","decl":{"start":{"line":43,"column":44},"end":{"line":43,"column":45}},"loc":{"start":{"line":43,"column":54},"end":{"line":43,"column":67}},"line":43},"8":{"name":"_pearson","decl":{"start":{"line":56,"column":9},"end":{"line":56,"column":17}},"loc":{"start":{"line":56,"column":26},"end":{"line":66,"column":1}},"line":56},"9":{"name":"(anonymous_9)","decl":{"start":{"line":59,"column":23},"end":{"line":59,"column":24}},"loc":{"start":{"line":59,"column":33},"end":{"line":59,"column":38}},"line":59},"10":{"name":"(anonymous_10)","decl":{"start":{"line":60,"column":23},"end":{"line":60,"column":24}},"loc":{"start":{"line":60,"column":33},"end":{"line":60,"column":38}},"line":60},"11":{"name":"(anonymous_11)","decl":{"start":{"line":61,"column":24},"end":{"line":61,"column":25}},"loc":{"start":{"line":61,"column":37},"end":{"line":61,"column":64}},"line":61},"12":{"name":"(anonymous_12)","decl":{"start":{"line":62,"column":23},"end":{"line":62,"column":24}},"loc":{"start":{"line":62,"column":33},"end":{"line":62,"column":50}},"line":62},"13":{"name":"(anonymous_13)","decl":{"start":{"line":63,"column":23},"end":{"line":63,"column":24}},"loc":{"start":{"line":63,"column":33},"end":{"line":63,"column":50}},"line":63},"14":{"name":"_spearman","decl":{"start":{"line":68,"column":9},"end":{"line":68,"column":18}},"loc":{"start":{"line":68,"column":35},"end":{"line":71,"column":1}},"line":68},"15":{"name":"(anonymous_15)","decl":{"start":{"line":76,"column":2},"end":{"line":76,"column":3}},"loc":{"start":{"line":76,"column":86},"end":{"line":84,"column":3}},"line":76},"16":{"name":"(anonymous_16)","decl":{"start":{"line":86,"column":2},"end":{"line":86,"column":3}},"loc":{"start":{"line":86,"column":11},"end":{"line":90,"column":3}},"line":86},"17":{"name":"(anonymous_17)","decl":{"start":{"line":103,"column":2},"end":{"line":103,"column":3}},"loc":{"start":{"line":103,"column":54},"end":{"line":115,"column":3}},"line":103},"18":{"name":"(anonymous_18)","decl":{"start":{"line":117,"column":2},"end":{"line":117,"column":3}},"loc":{"start":{"line":117,"column":12},"end":{"line":120,"column":3}},"line":117},"19":{"name":"(anonymous_19)","decl":{"start":{"line":122,"column":2},"end":{"line":122,"column":3}},"loc":{"start":{"line":122,"column":27},"end":{"line":129,"column":3}},"line":122},"20":{"name":"(anonymous_20)","decl":{"start":{"line":127,"column":23},"end":{"line":127,"column":24}},"loc":{"start":{"line":127,"column":33},"end":{"line":127,"column":62}},"line":127},"21":{"name":"(anonymous_21)","decl":{"start":{"line":128,"column":23},"end":{"line":128,"column":24}},"loc":{"start":{"line":128,"column":33},"end":{"line":128,"column":62}},"line":128},"22":{"name":"(anonymous_22)","decl":{"start":{"line":131,"column":2},"end":{"line":131,"column":3}},"loc":{"start":{"line":131,"column":12},"end":{"line":142,"column":3}},"line":131},"23":{"name":"(anonymous_23)","decl":{"start":{"line":140,"column":27},"end":{"line":140,"column":28}},"loc":{"start":{"line":140,"column":32},"end":{"line":140,"column":42}},"line":140},"24":{"name":"(anonymous_24)","decl":{"start":{"line":144,"column":2},"end":{"line":144,"column":3}},"loc":{"start":{"line":144,"column":9},"end":{"line":158,"column":3}},"line":144},"25":{"name":"(anonymous_25)","decl":{"start":{"line":145,"column":39},"end":{"line":145,"column":40}},"loc":{"start":{"line":145,"column":44},"end":{"line":145,"column":53}},"line":145},"26":{"name":"(anonymous_26)","decl":{"start":{"line":157,"column":24},"end":{"line":157,"column":25}},"loc":{"start":{"line":157,"column":34},"end":{"line":157,"column":55}},"line":157}},"branchMap":{"0":{"loc":{"start":{"line":17,"column":2},"end":{"line":17,"column":45}},"type":"if","locations":[{"start":{"line":17,"column":2},"end":{"line":17,"column":45}},{"start":{},"end":{}}],"line":17},"1":{"loc":{"start":{"line":17,"column":6},"end":{"line":17,"column":32}},"type":"binary-expr","locations":[{"start":{"line":17,"column":6},"end":{"line":17,"column":17}},{"start":{"line":17,"column":21},"end":{"line":17,"column":32}}],"line":17},"2":{"loc":{"start":{"line":20,"column":4},"end":{"line":21,"column":40}},"type":"if","locations":[{"start":{"line":20,"column":4},"end":{"line":21,"column":40}},{"start":{"line":21,"column":9},"end":{"line":21,"column":40}}],"line":20},"3":{"loc":{"start":{"line":21,"column":9},"end":{"line":21,"column":40}},"type":"if","locations":[{"start":{"line":21,"column":9},"end":{"line":21,"column":40}},{"start":{},"end":{}}],"line":21},"4":{"loc":{"start":{"line":27,"column":2},"end":{"line":27,"column":31}},"type":"if","locations":[{"start":{"line":27,"column":2},"end":{"line":27,"column":31}},{"start":{},"end":{}}],"line":27},"5":{"loc":{"start":{"line":32,"column":2},"end":{"line":32,"column":31}},"type":"if","locations":[{"start":{"line":32,"column":2},"end":{"line":32,"column":31}},{"start":{},"end":{}}],"line":32},"6":{"loc":{"start":{"line":36,"column":13},"end":{"line":36,"column":60}},"type":"cond-expr","locations":[{"start":{"line":36,"column":31},"end":{"line":36,"column":42}},{"start":{"line":36,"column":45},"end":{"line":36,"column":60}}],"line":36},"7":{"loc":{"start":{"line":48,"column":11},"end":{"line":48,"column":61}},"type":"binary-expr","locations":[{"start":{"line":48,"column":11},"end":{"line":48,"column":20}},{"start":{"line":48,"column":24},"end":{"line":48,"column":61}}],"line":48},"8":{"loc":{"start":{"line":58,"column":2},"end":{"line":58,"column":22}},"type":"if","locations":[{"start":{"line":58,"column":2},"end":{"line":58,"column":22}},{"start":{},"end":{}}],"line":58},"9":{"loc":{"start":{"line":65,"column":9},"end":{"line":65,"column":38}},"type":"cond-expr","locations":[{"start":{"line":65,"column":23},"end":{"line":65,"column":24}},{"start":{"line":65,"column":27},"end":{"line":65,"column":38}}],"line":65},"10":{"loc":{"start":{"line":69,"column":2},"end":{"line":69,"column":34}},"type":"if","locations":[{"start":{"line":69,"column":2},"end":{"line":69,"column":34}},{"start":{},"end":{}}],"line":69},"11":{"loc":{"start":{"line":104,"column":4},"end":{"line":105,"column":74}},"type":"if","locations":[{"start":{"line":104,"column":4},"end":{"line":105,"column":74}},{"start":{},"end":{}}],"line":104},"12":{"loc":{"start":{"line":104,"column":8},"end":{"line":104,"column":55}},"type":"binary-expr","locations":[{"start":{"line":104,"column":8},"end":{"line":104,"column":17}},{"start":{"line":104,"column":21},"end":{"line":104,"column":55}}],"line":104},"13":{"loc":{"start":{"line":106,"column":4},"end":{"line":107,"column":49}},"type":"if","locations":[{"start":{"line":106,"column":4},"end":{"line":107,"column":49}},{"start":{},"end":{}}],"line":106},"14":{"loc":{"start":{"line":106,"column":8},"end":{"line":106,"column":36}},"type":"binary-expr","locations":[{"start":{"line":106,"column":8},"end":{"line":106,"column":14}},{"start":{"line":106,"column":18},"end":{"line":106,"column":36}}],"line":106},"15":{"loc":{"start":{"line":108,"column":4},"end":{"line":109,"column":95}},"type":"if","locations":[{"start":{"line":108,"column":4},"end":{"line":109,"column":95}},{"start":{},"end":{}}],"line":108},"16":{"loc":{"start":{"line":118,"column":4},"end":{"line":118,"column":48}},"type":"if","locations":[{"start":{"line":118,"column":4},"end":{"line":118,"column":48}},{"start":{},"end":{}}],"line":118},"17":{"loc":{"start":{"line":122,"column":7},"end":{"line":122,"column":25}},"type":"default-arg","locations":[{"start":{"line":122,"column":16},"end":{"line":122,"column":25}}],"line":122},"18":{"loc":{"start":{"line":123,"column":4},"end":{"line":124,"column":95}},"type":"if","locations":[{"start":{"line":123,"column":4},"end":{"line":124,"column":95}},{"start":{},"end":{}}],"line":123},"19":{"loc":{"start":{"line":126,"column":11},"end":{"line":128,"column":63}},"type":"cond-expr","locations":[{"start":{"line":127,"column":8},"end":{"line":127,"column":63}},{"start":{"line":128,"column":8},"end":{"line":128,"column":63}}],"line":126},"20":{"loc":{"start":{"line":127,"column":33},"end":{"line":127,"column":62}},"type":"cond-expr","locations":[{"start":{"line":127,"column":57},"end":{"line":127,"column":58}},{"start":{"line":127,"column":61},"end":{"line":127,"column":62}}],"line":127},"21":{"loc":{"start":{"line":128,"column":33},"end":{"line":128,"column":62}},"type":"cond-expr","locations":[{"start":{"line":128,"column":57},"end":{"line":128,"column":58}},{"start":{"line":128,"column":61},"end":{"line":128,"column":62}}],"line":128},"22":{"loc":{"start":{"line":145,"column":44},"end":{"line":145,"column":53}},"type":"cond-expr","locations":[{"start":{"line":145,"column":48},"end":{"line":145,"column":49}},{"start":{"line":145,"column":52},"end":{"line":145,"column":53}}],"line":145}},"s":{"0":1,"1":1,"2":14,"3":56,"4":14,"5":56,"6":14,"7":0,"8":14,"9":14,"10":28,"11":56,"12":28,"13":28,"14":28,"15":14,"16":14,"17":0,"18":14,"19":56,"20":14,"21":0,"22":14,"23":14,"24":14,"25":56,"26":56,"27":14,"28":28,"29":28,"30":126,"31":28,"32":28,"33":28,"34":63,"35":63,"36":49,"37":63,"38":63,"39":63,"40":112,"41":63,"42":28,"43":14,"44":14,"45":0,"46":14,"47":42,"48":14,"49":42,"50":14,"51":56,"52":14,"53":56,"54":14,"55":56,"56":14,"57":14,"58":14,"59":0,"60":14,"61":14,"62":14,"63":14,"64":14,"65":14,"66":14,"67":14,"68":2,"69":11,"70":1,"71":10,"72":1,"73":9,"74":1,"75":8,"76":8,"77":8,"78":8,"79":8,"80":11,"81":7,"82":11,"83":4,"84":1,"85":3,"86":3,"87":1,"88":2,"89":1,"90":1,"91":2,"92":7,"93":28,"94":7,"95":7,"96":14,"97":14,"98":7,"99":7,"100":1},"f":{"0":14,"1":56,"2":56,"3":14,"4":56,"5":14,"6":28,"7":126,"8":14,"9":42,"10":42,"11":56,"12":56,"13":56,"14":14,"15":14,"16":2,"17":11,"18":11,"19":4,"20":1,"21":2,"22":1,"23":2,"24":7,"25":28,"26":7},"b":{"0":[0,14],"1":[14,14],"2":[28,28],"3":[28,0],"4":[0,14],"5":[0,14],"6":[28,28],"7":[112,84],"8":[0,14],"9":[7,7],"10":[0,14],"11":[1,10],"12":[11,11],"13":[1,9],"14":[10,10],"15":[1,8],"16":[7,4],"17":[0],"18":[1,3],"19":[1,2],"20":[0,1],"21":[0,2],"22":[14,14]},"_coverageSchema":"1a1c01bbd47fc00a2c39e90264f33305004495a9","hash":"826a2089f64f7e007830157077b19956b4f75d39"}
,"E:\\data\\code\\claudecode\\chronofy\\chronofy-python\\npm\\src\\decay\\base.js": {"path":"E:\\data\\code\\claudecode\\chronofy\\chronofy-python\\npm\\src\\decay\\base.js","statementMap":{"0":{"start":{"line":15,"column":4},"end":{"line":15,"column":73}},"1":{"start":{"line":25,"column":4},"end":{"line":25,"column":54}},"2":{"start":{"line":25,"column":26},"end":{"line":25,"column":52}},"3":{"start":{"line":34,"column":4},"end":{"line":34,"column":16}},"4":{"start":{"line":38,"column":0},"end":{"line":38,"column":35}}},"fnMap":{"0":{"name":"(anonymous_0)","decl":{"start":{"line":14,"column":2},"end":{"line":14,"column":3}},"loc":{"start":{"line":14,"column":27},"end":{"line":16,"column":3}},"line":14},"1":{"name":"(anonymous_1)","decl":{"start":{"line":24,"column":2},"end":{"line":24,"column":3}},"loc":{"start":{"line":24,"column":33},"end":{"line":26,"column":3}},"line":24},"2":{"name":"(anonymous_2)","decl":{"start":{"line":25,"column":21},"end":{"line":25,"column":22}},"loc":{"start":{"line":25,"column":26},"end":{"line":25,"column":52}},"line":25},"3":{"name":"(anonymous_3)","decl":{"start":{"line":33,"column":2},"end":{"line":33,"column":3}},"loc":{"start":{"line":33,"column":20},"end":{"line":35,"column":3}},"line":33}},"branchMap":{},"s":{"0":0,"1":23,"2":74,"3":0,"4":1},"f":{"0":0,"1":23,"2":74,"3":0},"b":{},"_coverageSchema":"1a1c01bbd47fc00a2c39e90264f33305004495a9","hash":"f3fd35bf3b5804a9c6eb65bfeb196526eb7fbcde"}
,"E:\\data\\code\\claudecode\\chronofy\\chronofy-python\\npm\\src\\decay\\exponential.js": {"path":"E:\\data\\code\\claudecode\\chronofy\\chronofy-python\\npm\\src\\decay\\exponential.js","statementMap":{"0":{"start":{"line":3,"column":26},"end":{"line":3,"column":43}},"1":{"start":{"line":8,"column":21},"end":{"line":16,"column":1}},"2":{"start":{"line":33,"column":4},"end":{"line":33,"column":12}},"3":{"start":{"line":34,"column":4},"end":{"line":34,"column":55}},"4":{"start":{"line":35,"column":4},"end":{"line":35,"column":36}},"5":{"start":{"line":36,"column":21},"end":{"line":36,"column":70}},"6":{"start":{"line":37,"column":4},"end":{"line":37,"column":78}},"7":{"start":{"line":37,"column":29},"end":{"line":37,"column":78}},"8":{"start":{"line":38,"column":4},"end":{"line":38,"column":43}},"9":{"start":{"line":42,"column":4},"end":{"line":42,"column":77}},"10":{"start":{"line":46,"column":20},"end":{"line":46,"column":66}},"11":{"start":{"line":47,"column":4},"end":{"line":47,"column":52}},"12":{"start":{"line":51,"column":17},"end":{"line":51,"column":52}},"13":{"start":{"line":52,"column":16},"end":{"line":52,"column":49}},"14":{"start":{"line":53,"column":4},"end":{"line":53,"column":46}},"15":{"start":{"line":53,"column":20},"end":{"line":53,"column":46}},"16":{"start":{"line":54,"column":4},"end":{"line":54,"column":54}},"17":{"start":{"line":58,"column":4},"end":{"line":58,"column":42}},"18":{"start":{"line":68,"column":17},"end":{"line":68,"column":47}},"19":{"start":{"line":69,"column":4},"end":{"line":69,"column":31}},"20":{"start":{"line":69,"column":19},"end":{"line":69,"column":31}},"21":{"start":{"line":70,"column":4},"end":{"line":70,"column":27}},"22":{"start":{"line":80,"column":17},"end":{"line":80,"column":19}},"23":{"start":{"line":81,"column":4},"end":{"line":81,"column":64}},"24":{"start":{"line":81,"column":48},"end":{"line":81,"column":64}},"25":{"start":{"line":82,"column":4},"end":{"line":82,"column":51}},"26":{"start":{"line":86,"column":20},"end":{"line":89,"column":17}},"27":{"start":{"line":87,"column":25},"end":{"line":87,"column":30}},"28":{"start":{"line":88,"column":23},"end":{"line":88,"column":45}},"29":{"start":{"line":90,"column":4},"end":{"line":90,"column":42}},"30":{"start":{"line":94,"column":0},"end":{"line":94,"column":52}}},"fnMap":{"0":{"name":"(anonymous_0)","decl":{"start":{"line":32,"column":2},"end":{"line":32,"column":3}},"loc":{"start":{"line":32,"column":72},"end":{"line":39,"column":3}},"line":32},"1":{"name":"(anonymous_1)","decl":{"start":{"line":41,"column":2},"end":{"line":41,"column":3}},"loc":{"start":{"line":41,"column":28},"end":{"line":43,"column":3}},"line":41},"2":{"name":"(anonymous_2)","decl":{"start":{"line":45,"column":2},"end":{"line":45,"column":3}},"loc":{"start":{"line":45,"column":31},"end":{"line":48,"column":3}},"line":45},"3":{"name":"(anonymous_3)","decl":{"start":{"line":50,"column":2},"end":{"line":50,"column":3}},"loc":{"start":{"line":50,"column":27},"end":{"line":55,"column":3}},"line":50},"4":{"name":"(anonymous_4)","decl":{"start":{"line":57,"column":2},"end":{"line":57,"column":3}},"loc":{"start":{"line":57,"column":20},"end":{"line":59,"column":3}},"line":57},"5":{"name":"(anonymous_5)","decl":{"start":{"line":67,"column":2},"end":{"line":67,"column":3}},"loc":{"start":{"line":67,"column":21},"end":{"line":71,"column":3}},"line":67},"6":{"name":"(anonymous_6)","decl":{"start":{"line":79,"column":2},"end":{"line":79,"column":3}},"loc":{"start":{"line":79,"column":49},"end":{"line":83,"column":3}},"line":79},"7":{"name":"(anonymous_7)","decl":{"start":{"line":85,"column":2},"end":{"line":85,"column":3}},"loc":{"start":{"line":85,"column":13},"end":{"line":91,"column":3}},"line":85},"8":{"name":"(anonymous_8)","decl":{"start":{"line":87,"column":14},"end":{"line":87,"column":15}},"loc":{"start":{"line":87,"column":25},"end":{"line":87,"column":30}},"line":87},"9":{"name":"(anonymous_9)","decl":{"start":{"line":88,"column":11},"end":{"line":88,"column":12}},"loc":{"start":{"line":88,"column":23},"end":{"line":88,"column":45}},"line":88}},"branchMap":{"0":{"loc":{"start":{"line":32,"column":14},"end":{"line":32,"column":70}},"type":"default-arg","locations":[{"start":{"line":32,"column":68},"end":{"line":32,"column":70}}],"line":32},"1":{"loc":{"start":{"line":32,"column":16},"end":{"line":32,"column":25}},"type":"default-arg","locations":[{"start":{"line":32,"column":23},"end":{"line":32,"column":25}}],"line":32},"2":{"loc":{"start":{"line":32,"column":27},"end":{"line":32,"column":44}},"type":"default-arg","locations":[{"start":{"line":32,"column":41},"end":{"line":32,"column":44}}],"line":32},"3":{"loc":{"start":{"line":32,"column":46},"end":{"line":32,"column":63}},"type":"default-arg","locations":[{"start":{"line":32,"column":57},"end":{"line":32,"column":63}}],"line":32},"4":{"loc":{"start":{"line":37,"column":4},"end":{"line":37,"column":78}},"type":"if","locations":[{"start":{"line":37,"column":4},"end":{"line":37,"column":78}},{"start":{},"end":{}}],"line":37},"5":{"loc":{"start":{"line":42,"column":11},"end":{"line":42,"column":76}},"type":"c
[...]
,"E:\\data\\code\\claudecode\\chronofy\\chronofy-python\\npm\\src\\scoring\\temporalScorer.js": {"path":"E:\\data\\code\\claudecode\\chronofy\\chronofy-python\\npm\\src\\scoring\\temporalScorer.js","statementMap":{"0":{"start":{"line":11,"column":4},"end":{"line":11,"column":71}},"1":{"start":{"line":17,"column":32},"end":{"line":17,"column":61}},"2":{"start":{"line":23,"column":14},"end":{"line":23,"column":35}},"3":{"start":{"line":24,"column":4},"end":{"line":24,"column":57}},"4":{"start":{"line":32,"column":4},"end":{"line":32,"column":12}},"5":{"start":{"line":33,"column":4},"end":{"line":33,"column":75}},"6":{"start":{"line":33,"column":32},"end":{"line":33,"column":75}},"7":{"start":{"line":34,"column":4},"end":{"line":34,"column":24}},"8":{"start":{"line":36,"column":16},"end":{"line":36,"column":35}},"9":{"start":{"line":38,"column":4},"end":{"line":38,"column":67}},"10":{"start":{"line":40,"column":15},"end":{"line":40,"column":67}},"11":{"start":{"line":47,"column":4},"end":{"line":47,"column":12}},"12":{"start":{"line":48,"column":4},"end":{"line":48,"column":75}},"13":{"start":{"line":48,"column":32},"end":{"line":48,"column":75}},"14":{"start":{"line":49,"column":4},"end":{"line":49,"column":24}},"15":{"start":{"line":51,"column":16},"end":{"line":51,"column":35}},"16":{"start":{"line":53,"column":4},"end":{"line":53,"column":51}},"17":{"start":{"line":53,"column":42},"end":{"line":53,"column":51}},"18":{"start":{"line":54,"column":4},"end":{"line":54,"column":83}},"19":{"start":{"line":56,"column":15},"end":{"line":56,"column":59}},"20":{"start":{"line":61,"column":4},"end":{"line":61,"column":21}},"21":{"start":{"line":62,"column":4},"end":{"line":62,"column":33}},"22":{"start":{"line":63,"column":4},"end":{"line":63,"column":29}},"23":{"start":{"line":64,"column":4},"end":{"line":64,"column":39}},"24":{"start":{"line":65,"column":4},"end":{"line":65,"column":24}},"25":{"start":{"line":80,"column":4},"end":{"line":80,"column":57}},"26":{"start":{"line":80,"column":18},"end":{"line":80,"column":57}},"27":{"start":{"line":81,"column":4},"end":{"line":81,"column":28}},"28":{"start":{"line":82,"column":4},"end":{"line":82,"column":61}},"29":{"start":{"line":85,"column":19},"end":{"line":85,"column":41}},"30":{"start":{"line":86,"column":19},"end":{"line":86,"column":40}},"31":{"start":{"line":95,"column":21},"end":{"line":95,"column":59}},"32":{"start":{"line":96,"column":4},"end":{"line":99,"column":7}},"33":{"start":{"line":109,"column":4},"end":{"line":110,"column":71}},"34":{"start":{"line":110,"column":6},"end":{"line":110,"column":71}},"35":{"start":{"line":111,"column":4},"end":{"line":111,"column":33}},"36":{"start":{"line":111,"column":23},"end":{"line":111,"column":33}},"37":{"start":{"line":112,"column":23},"end":{"line":112,"column":67}},"38":{"start":{"line":113,"column":4},"end":{"line":118,"column":8}},"39":{"start":{"line":113,"column":34},"end":{"line":118,"column":6}},"40":{"start":{"line":130,"column":4},"end":{"line":130,"column":87}},"41":{"start":{"line":130,"column":36},"end":{"line":130,"column":87}},"42":{"start":{"line":131,"column":19},"end":{"line":131,"column":66}},"43":{"start":{"line":132,"column":4},"end":{"line":132,"column":34}},"44":{"start":{"line":132,"column":24},"end":{"line":132,"column":34}},"45":{"start":{"line":134,"column":4},"end":{"line":134,"column":61}},"46":{"start":{"line":134,"column":26},"end":{"line":134,"column":59}},"47":{"start":{"line":135,"column":4},"end":{"line":135,"column":58}},"48":{"start":{"line":139,"column":4},"end":{"line":139,"column":56}},"49":{"start":{"line":143,"column":0},"end":{"line":146,"column":2}}},"fnMap":{"0":{"name":"(anonymous_0)","decl":{"start":{"line":10,"column":2},"end":{"line":10,"column":3}},"loc":{"start":{"line":10,"column":30},"end":{"line":12,"column":3}},"line":10},"1":{"name":"(anonymous_1)","decl":{"start":{"line":17,"column":2},"end":{"line":17,"column":3}},"loc":{"start":{"line":17,"column":30},"end":{"line":17,"column":63}},"line":17},"2":{"name":"(anonymous_2)","decl":{"start":{"line":22,"column":2},"end":{"line":22,"column":3}},"loc":{"start":{"line":22,"column":30},"end":{"line":25,"column":3}},"line":22},"3":{"name":"(anonymous_3)","decl":{"start":{"line":31,"column":2},"end":{"line":31,"column":3}},"loc":{"start":{"line":31,"column":21},"end":{"line":35,"column":3}},"line":31},"4":{"name":"(anonymous_4)","decl":{"start":{"line":36,"column":2},"end":{"line":36,"column":3}},"loc":{"start":{"line":36,"column":14},"end":{"line":36,"column":37}},"line":36},"5":{"name":"(anonymous_5)","decl":{"start":{"line":37,"column":2},"end":{"line":37,"column":3}},"loc":{"start":{"line":37,"column":30},"end":{"line":39,"column":3}},"line":37},"6":{"name":"(anonymous_6)","decl":{"start":{"line":40,"column":2},"end":{"line":40,"column":3}},"loc":{"start":{"line":40,"column":13},"end":{"line":40,"column":69}},"line":40},"7":{"name":"(anonymous_7)","decl":{"start":{"line":46,"column":2},"end":{"line":46,"column":3}},"loc":{"start":{"line":46,"column":21},"end":{"line":50,"column":3}},"line":46},"8":{"name":"(anonymous_8)","decl":{"start":{"line":51,"column":2},"end":{"line":51,"column":3}},"loc":{"start":{"line":51,"column":14},"end":{"line":51,"column":37}},"line":51},"9":{"name":"(anonymous_9)","decl":{"start":{"line":52,"column":2},"end":{"line":52,"column":3}},"loc":{"start":{"line":52,"column":30},"end":{"line":55,"column":3}},"line":52},"10":{"name":"(anonymous_10)","decl":{"start":{"line":56,"column":2},"end":{"line":56,"column":3}},"loc":{"start":{"line":56,"column":13},"end":{"line":56,"column":61}},"line":56},"11":{"name":"(anonymous_11)","decl":{"start":{"line":60,"column":2},"end":{"line":60,"column":3}},"loc":{"start":{"line":60,"column":61},"end":{"line":66,"column":3}},"line":60},"12":{"name":"(anonymous_12)","decl":{"start":{"line":79,"column":2},"end":{"line":79,"column":3}},"loc":{"start":{"line":79,"column":44},"end":{"line":83,"column":3}},"line":79},"13":{"name":"(anonymous_13)","decl":{"start":{"line":85,"column":2},"end":{"line":85,"column":3}},"loc":{"start":{"line":85,"column":17},"end":{"line":85,"column":43}},"line":85},"14":{"name":"(anonymous_14)","decl":{"start":{"line":86,"column":2},"end":{"line":86,"column":3}},"loc":{"start":{"line":86,"column":17},"end":{"line":86,"column":42}},"line":86},"15":{"name":"(anonymous_15)","decl":{"start":{"line":94,"column":2},"end":{"line":94,"column":3}},"loc":{"start":{"line":94,"column":41},"end":{"line":100,"column":3}},"line":94},"16":{"name":"(anonymous_16)","decl":{"start":{"line":108,"column":2},"end":{"line":108,"column":3}},"loc":{"start":{"line":108,"column":45},"end":{"line":119,"column":3}},"line":108},"17":{"name":"(anonymous_17)","decl":{"start":{"line":113,"column":21},"end":{"line":113,"column":22}},"loc":{"start":{"line":113,"column":34},"end":{"line":118,"column":6}},"line":113},"18":{"name":"(anonymous_18)","decl":{"start":{"line":129,"column":2},"end":{"line":129,"column":3}},"loc":{"start":{"line":129,"column":52},"end":{"line":136,"column":3}},"line":129},"19":{"name":"(anonymous_19)","decl":{"start":{"line":134,"column":16},"end":{"line":134,"column":17}},"loc":{"start":{"line":134,"column":26},"end":{"line":134,"column":59}},"line":134},"20":{"name":"(anonymous_20)","decl":{"start":{"line":138,"column":2},"end":{"line":138,"column":3}},"loc":{"start":{"line":138,"column":13},"end":{"line":140,"column":3}},"line":138}},"branchMap":{"0":{"loc":{"start":{"line":24,"column":11},"end":{"line":24,"column":56}},"type":"cond-expr","locations":[{"start":{"line":24,"column":21},"end":{"line":24,"column":22}},{"start":{"line":24,"column":25},"end":{"line":24,"column":56}}],"line":24},"1":{"loc":{"start":{"line":33,"column":4},"end":{"line":33,"column":75}},"type":"if","locations":[{"start":{"line":33,"column":4},"end":{"line":33,"column":75}},{"start":{},"end":{}}],"line":33},"2":{"loc":{"start":{"line":33,"column":8},"end":{"line":33,"column":30}},"type":"binary-expr","locations":[{"start":{"line":33,"column":8},"end":{"line":33,"column":17}},{"start":{"line":33,"column":21},"end":{"line":33,"column":30}}],"line":33},"3":{"loc":{"start":{"line":48,"column":4},"end":{"line":48,"column":75}},"type":"if","locations":[{"start":{"line":48,"column":4},"end":{"line":48,"column":75}},{"start":{},"end":{}}],"line":48},"4":{"loc":{"start":{"line":48,"column":8},"end":{"line":48,"column":30}},"type":"binary-expr","locations":[{"start":{"line":48,"column":8},"end":{"line":48,"column":17}},{"start":{"line":48,"column":21},"end":{"line":48,"column":30}}],"line":48},"5":{"loc":{"start":{"line":53,"column":4},"end":{"line":53,"column":51}},"type":"if","locations":[{"start":{"line":53,"column":4},"end":{"line":53,"column":51}},{"start":{},"end":{}}],"line":53},"6":{"loc":{"start":{"line":53,"column":8},"end":{"line":53,"column":40}},"type":"binary-expr","locations":[{"start":{"line":53,"column":8},"end":{"line":53,"column":23}},{"start":{"line":53,"column":27},"end":{"line":53,"column":40}}],"line":53},"7":{"loc":{"start":{"line":79,"column":25},"end":{"line":79,"column":40}},"type":"default-arg","locations":[{"start":{"line":79,"column":36},"end":{"line":79,"column":40}}],"line":79},"8":{"loc":{"start":{"line":80,"column":4},"end":{"line":80,"column":57}},"type":"if","locations":[{"start":{"line":80,"column":4},"end":{"line":80,"column":57}},{"start":{},"end":{}}],"line":80},"9":{"loc":{"start":{"line":82,"column":21},"end":{"line":82,"column":60}},"type":"binary-expr","locations":[{"start":{"line":82,"column":21},"end":{"line":82,"column":29}},{"start":{"line":82,"column":33},"end":{"line":82,"column":60}}],"line":82},"10":{"loc":{"start":{"line":109,"column":4},"end":{"line":110,"column":71}},"type":"if","locations":[{"start":{"line":109,"column":4},"end":{"line":110,"column":71}},{"start":{},"end":{}}],"line":109},"11":{"loc":{"start":{"line":111,"column":4},"end":{"line":111,"column":33}},"type":"if","locations":[{"start":{"line":111,"column":4},"end":{"line":111,"column":33}},{"start":{},"end":{}}],"line":111},"12":{"loc":{"start":{"line":129,"column":39},"end":{"line":129,"column":50}},"type":"default-arg","locations":[{"start":{"line":129,"column":46},"end":{"line":129,"column":50}}],"line":129},"13":{"loc":{"start":{"line":130,"column":4},"end":{"line":130,"column":87}},"type":"if","locations":[{"start":{"line":130,"column":4},"end":{"line":130,"column":87}},{"start":{},"end":{}}],"line":130},"14":{"loc":{"start":{"line":130,"column":8},"end":{"line":130,"column":34}},"type":"binary-expr","locations":[{"start":{"line":130,"column":8},"end":{"line":130,"column":21}},{"start":{"line":130,"column":25},"end":{"line":130,"column":34}}],"line":130},"15":{"loc":{"start":{"line":132,"column":4},"end":{"line":132,"column":34}},"type":"if","locations":[{"start":{"line":132,"column":4},"end":{"line":132,"column":34}},{"start":{},"end":{}}],"line":132},"16":{"loc":{"start":{"line":135,"column":11},"end":{"line":135,"column":57}},"type":"cond-expr","locations":[{"start":{"line":135,"column":27},"end":{"line":135,"column":48}},{"start":{"line":135,"column":51},"end":{"line":135,"column":57}}],"line":135}},"s":{"0":0,"1":19,"2":4,"3":4,"4":4,"5":4,"6":1,"7":3,"8":0,"9":3,"10":0,"11":3,"12":3,"13":1,"14":2,"15":0,"16":2,"17":1,"18":1,"19":0,"20":10,"21":10,"22":10,"23":10,"24":10,"25":1,"26":0,"27":1,"28":1,"29":0,"30":0,"31":4,"32":4,"33":4,"34":1,"35":3,"36":1,"37":2,"38":2,"39":6,"40":3,"41":1,"42":2,"43":2,"44":0,"45":2,"46":4,"47":2,"48":0,"49":1},"f":{"0":0,"1":19,"2":4,"3":4,"4":0,"5":3,"6":0,"7":3,"8":0,"9":2,"10":0,"11":10,"12":1,"13":0,"14":0,"15":4,"16":4,"17":6,"18":3,"19":4,"20":0},"b":{"0":[0,4],"1":[1,3],"2":[4,4],"3":[1,2],"4":[3,2],"5":[1,1],"6":[2,1],"7":[1],"8":[0,1],"9":[1,1],"10":[1,3],"11":[1,2],"12":[1],"13":[1,2],"14":[3,2],"15":[0,2],"16":[1,1]},"_coverageSchema":"1a1c01bbd47fc00a2c39e90264f33305004495a9","hash":"a305c4b793022f6e18acfbfd587828697049e1c3"}
,"E:\\data\\code\\claudecode\\chronofy\\chronofy-python\\npm\\src\\verification\\stl.js": {"path":"E:\\data\\code\\claudecode\\chronofy\\chronofy-python\\npm\\src\\verification\\stl.js","statementMap":{"0":{"start":{"line":23,"column":4},"end":{"line":23,"column":33}},"1":{"start":{"line":24,"column":4},"end":{"line":24,"column":31}},"2":{"start":{"line":25,"column":4},"end":{"line":25,"column":37}},"3":{"start":{"line":26,"column":4},"end":{"line":26,"column":45}},"4":{"start":{"line":27,"column":4},"end":{"line":27,"column":35}},"5":{"start":{"line":28,"column":4},"end":{"line":28,"column":55}},"6":{"start":{"line":29,"column":4},"end":{"line":29,"column":24}},"7":{"start":{"line":40,"column":4},"end":{"line":40,"column":57}},"8":{"start":{"line":40,"column":18},"end":{"line":40,"column":57}},"9":{"start":{"line":41,"column":4},"end":{"line":42,"column":53}},"10":{"start":{"line":42,"column":6},"end":{"line":42,"column":53}},"11":{"start":{"line":43,"column":4},"end":{"line":43,"column":28}},"12":{"start":{"line":44,"column":4},"end":{"line":44,"column":32}},"13":{"start":{"line":47,"column":20},"end":{"line":47,"column":43}},"14":{"start":{"line":57,"column":4},"end":{"line":57,"column":67}},"15":{"start":{"line":57,"column":56},"end":{"line":57,"column":67}},"16":{"start":{"line":58,"column":19},"end":{"line":58,"column":72}},"17":{"start":{"line":59,"column":4},"end":{"line":59,"column":31}},"18":{"start":{"line":68,"column":4},"end":{"line":77,"column":5}},"19":{"start":{"line":69,"column":6},"end":{"line":76,"column":9}},"20":{"start":{"line":80,"column":21},"end":{"line":80,"column":80}},"21":{"start":{"line":80,"column":42},"end":{"line":80,"column":79}},"22":{"start":{"line":83,"column":20},"end":{"line":83,"column":58}},"23":{"start":{"line":83,"column":38},"end":{"line":83,"column":57}},"24":{"start":{"line":84,"column":16},"end":{"line":84,"column":36}},"25":{"start":{"line":85,"column":23},"end":{"line":85,"column":60}},"26":{"start":{"line":88,"column":20},"end":{"line":88,"column":28}},"27":{"start":{"line":89,"column":28},"end":{"line":89,"column":32}},"28":{"start":{"line":90,"column":4},"end":{"line":98,"column":5}},"29":{"start":{"line":91,"column":6},"end":{"line":97,"column":7}},"30":{"start":{"line":92,"column":22},"end":{"line":92,"column":66}},"31":{"start":{"line":93,"column":8},"end":{"line":96,"column":9}},"32":{"start":{"line":94,"column":10},"end":{"line":94,"column":28}},"33":{"start":{"line":95,"column":10},"end":{"line":95,"column":35}},"34":{"start":{"line":99,"column":4},"end":{"line":99,"column":48}},"35":{"start":{"line":99,"column":32},"end":{"line":99,"column":48}},"36":{"start":{"line":101,"column":4},"end":{"line":108,"column":7}},"37":{"start":{"line":117,"column":4},"end":{"line":117,"column":41}},"38":{"start":{"line":121,"column":4},"end":{"line":121,"column":55}},"39":{"start":{"line":125,"column":0},"end":{"line":125,"column":44}}},"fnMap":{"0":{"name":"(anonymous_0)","decl":{"start":{"line":21,"column":2},"end":{"line":21,"column":3}},"loc":{"start":{"line":22,"column":54},"end":{"line":30,"column":3}},"line":22},"1":{"name":"(anonymous_1)","decl":{"start":{"line":39,"column":2},"end":{"line":39,"column":3}},"loc":{"start":{"line":39,"column":44},"end":{"line":45,"column":3}},"line":39},"2":{"name":"(anonymous_2)","decl":{"start":{"line":47,"column":2},"end":{"line":47,"column":3}},"loc":{"start":{"line":47,"column":18},"end":{"line":47,"column":45}},"line":47},"3":{"name":"(anonymous_3)","decl":{"start":{"line":56,"column":2},"end":{"line":56,"column":3}},"loc":{"start":{"line":56,"column":32},"end":{"line":60,"column":3}},"line":56},"4":{"name":"(anonymous_4)","decl":{"start":{"line":67,"column":2},"end":{"line":67,"column":3}},"loc":{"start":{"line":67,"column":16},"end":{"line":109,"column":3}},"line":67},"5":{"name":"(anonymous_5)","decl":{"start":{"line":80,"column":37},"end":{"line":80,"column":38}},"loc":{"start":{"line":80,"column":42},"end":{"line":80,"column":79}},"line":80},"6":{"name":"(anonymous_6)","decl":{"start":{"line":83,"column":33},"end":{"line":83,"column":34}},"loc":{"start":{"line":83,"column":38},"end":{"line":83,"column":57}},"line":83},"7":{"name":"(anonymous_7)","decl":{"start":{"line":116,"column":2},"end":{"line":116,"column":3}},"loc":{"start":{"line":116,"column":20},"end":{"line":118,"column":3}},"line":116},"8":{"name":"(anonymous_8)","decl":{"start":{"line":120,"column":2},"end":{"line":120,"column":3}},"loc":{"start":{"line":120,"column":13},"end":{"line":122,"column":3}},"line":120}},"branchMap":{"0":{"loc":{"start":{"line":39,"column":25},"end":{"line":39,"column":40}},"type":"default-arg","locations":[{"start":{"line":39,"column":37},"end":{"line":39,"column":40}}],"line":39},"1":{"loc":{"start":{"line":40,"column":4},"end":{"line":40,"column":57}},"type":"if","locations":[{"start":{"line":40,"column":4},"end":{"line":40,"column":57}},{"start":{},"end":{}}],"line":40},"2":{"loc":{"start":{"line":41,"column":4},"end":{"line":42,"column":53}},"type":"if","locations":[{"start":{"line":41,"column":4},"end":{"line":42,"column":53}},{"start":{},"end":{}}],"line":41},"3":{"loc":{"start":{"line":41,"column":8},"end":{"line":41,"column":38}},"type":"binary-expr","locations":[{"start":{"line":41,"column":8},"end":{"line":41,"column":21}},{"start":{"line":41,"column":25},"end":{"line":41,"column":38}}],"line":41},"4":{"loc":{"start":{"line":57,"column":4},"end":{"line":57,"column":67}},"type":"if","locations":[{"start":{"line":57,"column":4},"end":{"line":57,"column":67}},{"start":{},"end":{}}],"line":57},"5":{"loc":{"start":{"line":57,"column":8},"end":{"line":57,"column":54}},"type":"binary-expr","locations":[{"start":{"line":57,"column":8},"end":{"line":57,"column":23}},{"start":{"line":57,"column":27},"end":{"line":57,"column":54}}],"line":57},"6":{"loc":{"start":{"line":68,"column":4},"end":{"line":77,"column":5}},"type":"if","locations":[{"start":{"line":68,"column":4},"end":{"line":77,"column":5}},{"start":{},"end":{}}],"line":68},"7":{"loc":{"start":{"line":68,"column":8},"end":{"line":68,"column":48}},"type":"binary-expr","locations":[{"start":{"line":68,"column":8},"end":{"line":68,"column":20}},{"start":{"line":68,"column":24},"end":{"line":68,"column":48}}],"line":68},"8":{"loc":{"start":{"line":91,"column":26},"end":{"line":91,"column":46}},"type":"binary-expr","locations":[{"start":{"line":91,"column":26},"end":{"line":91,"column":40}},{"start":{"line":91,"column":44},"end":{"line":91,"column":46}}],"line":91},"9":{"loc":{"start":{"line":93,"column":8},"end":{"line":96,"column":9}},"type":"if","locations":[{"start":{"line":93,"column":8},"end":{"line":96,"column":9}},{"start":{},"end":{}}],"line":93},"10":{"loc":{"start":{"line":99,"column":4},"end":{"line":99,"column":48}},"type":"if","locations":[{"start":{"line":99,"column":4},"end":{"line":99,"column":48}},{"start":{},"end":{}}],"line":99}},"s":{"0":5,"1":5,"2":5,"3":5,"4":5,"5":5,"6":5,"7":1,"8":0,"9":1,"10":0,"11":1,"12":1,"13":0,"14":4,"15":1,"16":3,"17":3,"18":5,"19":2,"20":3,"21":3,"22":3,"23":3,"24":3,"25":3,"26":3,"27":3,"28":3,"29":3,"30":4,"31":4,"32":4,"33":4,"34":3,"35":0,"36":3,"37":0,"38":0,"39":1},"f":{"0":5,"1":1,"2":0,"3":4,"4":5,"5":3,"6":3,"7":0,"8":0},"b":{"0":[0],"1":[0,1],"2":[0,1],"3":[1,1],"4":[1,3],"5":[4,4],"6":[2,3],"7":[5,5],"8":[3,0],"9":[4,0],"10":[0,3]},"_coverageSchema":"1a1c01bbd47fc00a2c39e90264f33305004495a9","hash":"a920e3c8380b55aef2a056234dcaffbf9e2dc237"}
}
