TN:
SF:index.js
FNF:0
FNH:0
DA:10,1
DA:11,1
DA:12,1
DA:13,1
DA:14,1
DA:15,1
DA:16,1
DA:17,1
DA:18,1
DA:19,1
DA:23,1
DA:27,1
DA:28,1
DA:34,1
DA:36,1
LF:15
LH:15
BRF:0
BRH:0
end_of_record
TN:
SF:src\models.js
FN:24,(anonymous_0)
FN:45,(anonymous_1)
FN:58,(anonymous_2)
FN:71,(anonymous_3)
FN:77,(anonymous_4)
FNF:5
FNH:5
FNDA:61,(anonymous_0)
FNDA:14,(anonymous_1)
FNDA:6,(anonymous_2)
FNDA:6,(anonymous_3)
FNDA:1,(anonymous_4)
DA:26,61
DA:27,60
DA:28,60
DA:29,1
DA:31,59
DA:32,59
DA:33,59
DA:34,59
DA:35,59
DA:36,59
DA:37,59
DA:46,14
DA:47,14
DA:59,6
DA:60,6
DA:61,6
DA:72,6
DA:73,6
DA:78,1
DA:79,1
DA:80,1
DA:81,2
DA:82,2
DA:83,1
DA:84,1
DA:88,1
DA:92,1
LF:27
LH:27
BRDA:24,0,0,4
BRDA:24,1,0,2
BRDA:25,2,0,61
BRDA:25,3,0,61
BRDA:25,4,0,61
BRDA:26,5,0,1
BRDA:26,5,1,60
BRDA:27,6,0,0
BRDA:27,6,1,60
BRDA:28,7,0,1
BRDA:28,7,1,59
BRDA:28,8,0,60
BRDA:28,8,1,60
BRDA:58,9,0,0
BRDA:71,10,0,0
BRDA:71,11,0,0
BRDA:82,12,0,1
BRDA:82,12,1,1
BRF:18
BRH:14
end_of_record
TN:
SF:src\plugins.js
FN:8,(anonymous_0)
FN:17,_makeProbeFactObj
FN:21,(anonymous_2)
FN:24,(anonymous_3)
FN:31,validateDecayFunction
FN:67,validateEstimationMethod
FN:90,validateScoringStrategy
FNF:7
FNH:7
FNDA:5,(anonymous_0)
FNDA:4,_makeProbeFactObj
FNDA:16,(anonymous_2)
FNDA:4,(anonymous_3)
FNDA:6,validateDecayFunction
FNDA:3,validateEstimationMethod
FNDA:3,validateScoringStrategy
DA:3,1
DA:4,1
DA:5,1
DA:8,5
DA:11,1
DA:15,1
DA:19,4
DA:20,4
DA:21,16
DA:24,4
DA:25,1
DA:26,1
DA:27,1
DA:32,6
DA:33,6
DA:34,1
DA:38,5
DA:39,0
DA:41,5
DA:43,14
DA:44,0
DA:45,14
DA:46,0
DA:48,14
DA:49,1
DA:50,13
DA:51,0
DA:52,13
DA:53,1
DA:56,3
DA:57,0
DA:59,3
DA:60,3
DA:61,0
DA:64,3
DA:68,3
DA:69,3
DA:70,0
DA:72,3
DA:73,0
DA:76,3
DA:77,0
DA:79,3
DA:80,0
DA:82,3
DA:83,0
DA:84,3
DA:85,1
DA:87,2
DA:91,3
DA:92,3
DA:93,0
DA:95,3
DA:96,0
DA:98,3
DA:100,17
DA:102,0
DA:105,17
DA:106,0
DA:108,17
DA:109,0
DA:111,17
DA:112,0
DA:114,17
DA:115,1
DA:118,2
DA:121,1
LF:67
LH:50
BRDA:32,0,0,6
BRDA:32,0,1,0
BRDA:32,1,0,6
BRDA:32,1,1,6
BRDA:33,2,0,1
BRDA:33,2,1,5
BRDA:38,3,0,0
BRDA:38,3,1,5
BRDA:45,4,0,0
BRDA:45,4,1,14
BRDA:48,5,0,1
BRDA:48,5,1,13
BRDA:50,6,0,0
BRDA:50,6,1,13
BRDA:52,7,0,1
BRDA:52,7,1,12
BRDA:56,8,0,0
BRDA:56,8,1,3
BRDA:60,9,0,0
BRDA:60,9,1,3
BRDA:60,10,0,3
BRDA:60,10,1,3
BRDA:68,11,0,3
BRDA:68,11,1,0
BRDA:68,12,0,3
BRDA:68,12,1,3
BRDA:69,13,0,0
BRDA:69,13,1,3
BRDA:72,14,0,0
BRDA:72,14,1,3
BRDA:79,15,0,0
BRDA:79,15,1,3
BRDA:82,16,0,0
BRDA:82,16,1,3
BRDA:84,17,0,1
BRDA:84,17,1,2
BRDA:91,18,0,3
BRDA:91,18,1,0
BRDA:91,19,0,3
BRDA:91,19,1,3
BRDA:92,20,0,0
BRDA:92,20,1,3
BRDA:95,21,0,0
BRDA:95,21,1,3
BRDA:105,22,0,0
BRDA:105,22,1,17
BRDA:108,23,0,0
BRDA:108,23,1,17
BRDA:111,24,0,0
BRDA:111,24,1,17
BRDA:114,25,0,1
BRDA:114,25,1,16
BRF:52
BRH:35
end_of_record
TN:
SF:src\analysis\betaEstimator.js
FN:6,_goldenSectionMax
FN:20,_logLikelihood
FN:39,(anonymous_2)
FN:46,(anonymous_3)
FN:51,(anonymous_4)
FN:58,(anonymous_5)
FN:62,(anonymous_6)
FN:75,(anonymous_7)
FN:82,(anonymous_8)
FN:84,(anonymous_9)
FN:85,(anonymous_10)
FN:87,(anonymous_11)
FN:92,(anonymous_12)
FN:93,(anonymous_13)
FN:94,(anonymous_14)
FN:99,(anonymous_15)
FN:110,(anonymous_16)
FN:126,(anonymous_17)
FN:137,(anonymous_18)
FN:159,(anonymous_19)
FN:183,(anonymous_20)
FNF:21
FNH:16
FNDA:7,_goldenSectionMax
FNDA:359,_logLikelihood
FNDA:0,(anonymous_2)
FNDA:9,(anonymous_3)
FNDA:350,(anonymous_4)
FNDA:2,(anonymous_5)
FNDA:6,(anonymous_6)
FNDA:1,(anonymous_7)
FNDA:0,(anonymous_8)
FNDA:0,(anonymous_9)
FNDA:0,(anonymous_10)
FNDA:2,(anonymous_11)
FNDA:1,(anonymous_12)
FNDA:2,(anonymous_13)
FNDA:2,(anonymous_14)
FNDA:9,(anonymous_15)
FNDA:0,(anonymous_16)
FNDA:3,(anonymous_17)
FNDA:11,(anonymous_18)
FNDA:1,(anonymous_19)
FNDA:1,(anonymous_20)
DA:3,1
DA:7,7
DA:8,7
DA:9,7
DA:10,7
DA:11,7
DA:12,329
DA:13,203
DA:15,7
DA:16,7
DA:21,359
DA:22,359
DA:23,974
DA:24,974
DA:27,359
DA:30,1
DA:40,0
DA:47,9
DA:48,9
DA:49,9
DA:50,8
DA:51,350
DA:52,7
DA:59,2
DA:60,2
DA:61,2
DA:62,6
DA:63,2
DA:64,2
DA:76,1
DA:77,1
DA:78,0
DA:79,1
DA:80,0
DA:81,0
DA:82,0
DA:83,0
DA:84,0
DA:85,0
DA:87,2
DA:89,1
DA:93,2
DA:94,2
DA:100,9
DA:101,9
DA:102,9
DA:103,9
DA:104,9
DA:105,9
DA:106,9
DA:107,9
DA:111,0
DA:127,3
DA:138,11
DA:139,10
DA:140,1
DA:141,9
DA:142,9
DA:143,9
DA:144,9
DA:160,1
DA:161,1
DA:162,0
DA:163,1
DA:164,1
DA:165,4
DA:166,4
DA:167,4
DA:168,4
DA:170,1
DA:171,1
DA:172,2
DA:174,1
DA:184,1
DA:185,1
DA:186,1
DA:190,1
LF:77
LH:67
BRDA:6,0,0,7
BRDA:12,1,0,126
BRDA:12,1,1,203
BRDA:24,2,0,563
BRDA:24,2,1,411
BRDA:49,3,0,1
BRDA:49,3,1,8
BRDA:50,4,0,1
BRDA:50,4,1,7
BRDA:61,5,0,0
BRDA:61,5,1,2
BRDA:63,6,0,0
BRDA:63,6,1,2
BRDA:63,7,0,2
BRDA:63,7,1,2
BRDA:75,8,0,1
BRDA:77,9,0,0
BRDA:77,9,1,1
BRDA:77,10,0,1
BRDA:77,10,1,1
BRDA:79,11,0,0
BRDA:79,11,1,1
BRDA:80,12,0,0
BRDA:80,12,1,0
BRDA:82,13,0,0
BRDA:82,13,1,0
BRDA:126,14,0,1
BRDA:126,15,0,1
BRDA:127,16,0,3
BRDA:127,16,1,1
BRDA:137,17,0,8
BRDA:138,18,0,1
BRDA:138,18,1,10
BRDA:138,19,0,11
BRDA:138,19,1,11
BRDA:139,20,0,1
BRDA:139,20,1,9
BRDA:142,21,0,8
BRDA:142,21,1,1
BRDA:160,22,0,0
BRDA:160,22,1,1
BRDA:160,23,0,1
BRDA:160,23,1,1
BRDA:161,24,0,0
BRDA:161,24,1,1
BRDA:166,25,0,2
BRDA:166,25,1,2
BRDA:183,26,0,1
BRF:48
BRH:38
end_of_record
TN:
SF:src\analysis\corpusStats.js
FN:4,_mean
FN:4,(anonymous_1)
FN:6,_std
FN:9,(anonymous_3)
FN:12,_percentile
FN:13,(anonymous_5)
FN:23,(anonymous_6)
FN:27,(anonymous_7)
FN:34,(anonymous_8)
FN:38,(anonymous_9)
FN:56,(anonymous_10)
FN:66,(anonymous_11)
FN:68,(anonymous_12)
FN:70,(anonymous_13)
FN:74,(anonymous_14)
FN:80,(anonymous_15)
FN:86,(anonymous_16)
FN:92,(anonymous_17)
FN:105,(anonymous_18)
FN:123,(anonymous_19)
FN:127,(anonymous_20)
FN:135,(anonymous_21)
FN:138,(anonymous_22)
FN:139,(anonymous_23)
FN:140,(anonymous_24)
FN:151,(anonymous_25)
FNF:26
FNH:25
FNDA:5,_mean
FNDA:13,(anonymous_1)
FNDA:3,_std
FNDA:5,(anonymous_3)
FNDA:9,_percentile
FNDA:12,(anonymous_5)
FNDA:2,(anonymous_6)
FNDA:1,(anonymous_7)
FNDA:1,(anonymous_8)
FNDA:1,(anonymous_9)
FNDA:7,(anonymous_10)
FNDA:2,(anonymous_11)
FNDA:5,(anonymous_12)
FNDA:8,(anonymous_13)
FNDA:3,(anonymous_14)
FNDA:2,(anonymous_15)
FNDA:2,(anonymous_16)
FNDA:4,(anonymous_17)
FNDA:2,(anonymous_18)
FNDA:1,(anonymous_19)
FNDA:0,(anonymous_20)
FNDA:2,(anonymous_21)
FNDA:2,(anonymous_22)
FNDA:1,(anonymous_23)
FNDA:2,(anonymous_24)
FNDA:1,(anonymous_25)
DA:4,13
DA:7,3
DA:8,1
DA:9,5
DA:13,12
DA:14,9
DA:15,9
DA:16,3
DA:17,3
DA:18,3
DA:19,0
DA:24,2
DA:25,2
DA:28,1
DA:35,1
DA:36,1
DA:39,1
DA:57,7
DA:58,7
DA:59,7
DA:60,7
DA:61,7
DA:62,7
DA:63,7
DA:66,2
DA:69,5
DA:70,8
DA:71,5
DA:75,3
DA:76,2
DA:77,3
DA:81,2
DA:82,2
DA:83,1
DA:87,2
DA:88,2
DA:89,1
DA:93,4
DA:94,3
DA:95,3
DA:96,2
DA:102,3
DA:106,2
DA:107,1
DA:108,1
DA:109,1
DA:115,2
DA:124,1
DA:125,0
DA:126,0
DA:127,0
DA:136,2
DA:137,1
DA:138,2
DA:139,1
DA:140,2
DA:141,1
DA:142,1
DA:143,1
DA:144,1
DA:145,1
DA:146,1
DA:148,1
DA:152,1
DA:162,1
LF:65
LH:61
BRDA:7,0,0,2
BRDA:7,0,1,1
BRDA:15,1,0,6
BRDA:15,1,1,3
BRDA:18,2,0,3
BRDA:18,2,1,0
BRDA:69,3,0,4
BRDA:69,3,1,1
BRDA:75,4,0,2
BRDA:75,4,1,1
BRDA:82,5,0,1
BRDA:82,5,1,1
BRDA:88,6,0,1
BRDA:88,6,1,1
BRDA:93,7,0,3
BRDA:93,7,1,1
BRDA:95,8,0,1
BRDA:95,8,1,2
BRDA:106,9,0,1
BRDA:106,9,1,1
BRDA:108,10,0,0
BRDA:108,10,1,1
BRDA:124,11,0,1
BRDA:124,11,1,0
BRDA:126,12,0,0
BRDA:126,12,1,0
BRDA:136,13,0,1
BRDA:136,13,1,1
BRDA:137,14,0,0
BRDA:137,14,1,1
BRDA:141,15,0,0
BRDA:141,15,1,1
BRDA:146,16,0,1
BRDA:146,16,1,0
BRDA:156,17,0,1
BRDA:156,17,1,0
BRDA:157,18,0,1
BRDA:157,18,1,0
BRF:38
BRH:28
end_of_record
TN:
SF:src\comparison\decayComparison.js
FN:14,_auroc
FN:15,(anonymous_1)
FN:16,(anonymous_2)
FN:26,_brierScore
FN:28,(anonymous_4)
FN:31,_logLoss
FN:41,_rank
FN:43,(anonymous_7)
FN:56,_pearson
FN:59,(anonymous_9)
FN:60,(anonymous_10)
FN:61,(anonymous_11)
FN:62,(anonymous_12)
FN:63,(anonymous_13)
FN:68,_spearman
FN:76,(anonymous_15)
FN:86,(anonymous_16)
FN:103,(anonymous_17)
FN:117,(anonymous_18)
FN:122,(anonymous_19)
FN:127,(anonymous_20)
FN:128,(anonymous_21)
FN:131,(anonymous_22)
FN:140,(anonymous_23)
FN:144,(anonymous_24)
FN:145,(anonymous_25)
FN:157,(anonymous_26)
FNF:27
FNH:27
FNDA:14,_auroc
FNDA:56,(anonymous_1)
FNDA:56,(anonymous_2)
FNDA:14,_brierScore
FNDA:56,(anonymous_4)
FNDA:14,_logLoss
FNDA:28,_rank
FNDA:126,(anonymous_7)
FNDA:14,_pearson
FNDA:42,(anonymous_9)
FNDA:42,(anonymous_10)
FNDA:56,(anonymous_11)
FNDA:56,(anonymous_12)
FNDA:56,(anonymous_13)
FNDA:14,_spearman
FNDA:14,(anonymous_15)
FNDA:2,(anonymous_16)
FNDA:11,(anonymous_17)
FNDA:11,(anonymous_18)
FNDA:4,(anonymous_19)
FNDA:1,(anonymous_20)
FNDA:2,(anonymous_21)
FNDA:1,(anonymous_22)
FNDA:2,(anonymous_23)
FNDA:7,(anonymous_24)
FNDA:28,(anonymous_25)
FNDA:7,(anonymous_26)
DA:3,1
DA:5,1
DA:15,56
DA:16,56
DA:17,14
DA:18,14
DA:19,28
DA:20,56
DA:21,28
DA:23,14
DA:27,14
DA:28,56
DA:32,14
DA:33,14
DA:34,14
DA:35,56
DA:36,56
DA:38,14
DA:42,28
DA:43,126
DA:44,28
DA:45,28
DA:46,28
DA:47,63
DA:48,63
DA:49,63
DA:50,112
DA:51,63
DA:53,28
DA:57,14
DA:58,14
DA:59,42
DA:60,42
DA:61,56
DA:62,56
DA:63,56
DA:64,14
DA:65,14
DA:69,14
DA:70,14
DA:77,14
DA:78,14
DA:79,14
DA:80,14
DA:81,14
DA:82,14
DA:83,14
DA:87,2
DA:104,11
DA:105,1
DA:106,10
DA:107,1
DA:108,9
DA:109,1
DA:110,8
DA:111,8
DA:112,8
DA:113,8
DA:114,8
DA:118,11
DA:119,11
DA:123,4
DA:124,1
DA:125,3
DA:126,3
DA:127,1
DA:128,2
DA:132,1
DA:133,1
DA:140,2
DA:145,28
DA:146,7
DA:147,7
DA:148,14
DA:149,14
DA:157,7
DA:161,1
LF:77
LH:77
BRDA:17,0,0,0
BRDA:17,0,1,14
BRDA:17,1,0,14
BRDA:17,1,1,14
BRDA:20,2,0,28
BRDA:20,2,1,28
BRDA:21,3,0,28
BRDA:21,3,1,0
BRDA:27,4,0,0
BRDA:27,4,1,14
BRDA:32,5,0,0
BRDA:32,5,1,14
BRDA:36,6,0,28
BRDA:36,6,1,28
BRDA:48,7,0,112
BRDA:48,7,1,84
BRDA:58,8,0,0
BRDA:58,8,1,14
BRDA:65,9,0,7
BRDA:65,9,1,7
BRDA:69,10,0,0
BRDA:69,10,1,14
BRDA:104,11,0,1
BRDA:104,11,1,10
BRDA:104,12,0,11
BRDA:104,12,1,11
BRDA:106,13,0,1
BRDA:106,13,1,9
BRDA:106,14,0,10
BRDA:106,14,1,10
BRDA:108,15,0,1
BRDA:108,15,1,8
BRDA:118,16,0,7
BRDA:118,16,1,4
BRDA:122,17,0,0
BRDA:123,18,0,1
BRDA:123,18,1,3
BRDA:126,19,0,1
BRDA:126,19,1,2
BRDA:127,20,0,0
BRDA:127,20,1,1
BRDA:128,21,0,0
BRDA:128,21,1,2
BRDA:145,22,0,14
BRDA:145,22,1,14
BRF:45
BRH:36
end_of_record
TN:
SF:src\decay\base.js
FN:14,(anonymous_0)
FN:24,(anonymous_1)
FN:25,(anonymous_2)
FN:33,(anonymous_3)
FNF:4
FNH:2
FNDA:0,(anonymous_0)
FNDA:23,(anonymous_1)
FNDA:74,(anonymous_2)
FNDA:0,(anonymous_3)
DA:15,0
DA:25,74
DA:34,0
DA:38,1
LF:4
LH:2
BRF:0
BRH:0
end_of_record
TN:
SF:src\decay\exponential.js
FN:32,(anonymous_0)
FN:41,(anonymous_1)
FN:45,(anonymous_2)
FN:50,(anonymous_3)
FN:57,(anonymous_4)
FN:67,(anonymous_5)
FN:79,(anonymous_6)
FN:85,(anonymous_7)
FN:87,(anonymous_8)
FN:88,(anonymous_9)
FNF:10
FNH:7
FNDA:13,(anonymous_0)
FNDA:104,(anonymous_1)
FNDA:100,(anonymous_2)
FNDA:100,(anonymous_3)
FNDA:2,(anonymous_4)
FNDA:2,(anonymous_5)
FNDA:1,(anonymous_6)
FNDA:0,(anonymous_7)
FNDA:0,(anonymous_8)
FNDA:0,(anonymous_9)
DA:3,1
DA:8,1
DA:33,13
DA:34,13
DA:35,13
DA:36,13
DA:37,13
DA:38,13
DA:42,104
DA:46,100
DA:47,100
DA:51,100
DA:52,100
DA:53,100
DA:54,70
DA:58,2
DA:68,2
DA:69,2
DA:70,1
DA:80,1
DA:81,1
DA:82,1
DA:86,0
DA:87,0
DA:88,0
DA:90,0
DA:94,1
LF:27
LH:23
BRDA:32,0,0,1
BRDA:32,1,0,1
BRDA:32,2,0,2
BRDA:32,3,0,13
BRDA:37,4,0,0
BRDA:37,4,1,13
BRDA:42,5,0,104
BRDA:42,5,1,0
BRDA:53,6,0,30
BRDA:53,6,1,70
BRDA:69,7,0,1
BRDA:69,7,1,1
BRDA:79,8,0,1
BRF:13
BRH:11
end_of_record
TN:
SF:src\decay\halfLife.js
FN:13,(anonymous_0)
FN:22,(anonymous_1)
FN:26,(anonymous_2)
FN:30,(anonymous_3)
FN:38,(anonymous_4)
FN:43,(anonymous_5)
FNF:6
FNH:0
FNDA:0,(anonymous_0)
FNDA:0,(anonymous_1)
FNDA:0,(anonymous_2)
FNDA:0,(anonymous_3)
FNDA:0,(anonymous_4)
FNDA:0,(anonymous_5)
DA:3,1
DA:14,0
DA:15,0
DA:16,0
DA:17,0
DA:18,0
DA:19,0
DA:23,0
DA:27,0
DA:31,0
DA:32,0
DA:33,0
DA:34,0
DA:35,0
DA:39,0
DA:40,0
DA:44,0
DA:48,1
LF:18
LH:2
BRDA:13,0,0,0
BRDA:13,1,0,0
BRDA:13,2,0,0
BRDA:13,3,0,0
BRDA:18,4,0,0
BRDA:18,4,1,0
BRDA:23,5,0,0
BRDA:23,5,1,0
BRDA:33,6,0,0
BRDA:33,6,1,0
BRDA:40,7,0,0
BRDA:40,7,1,0
BRF:12
BRH:0
end_of_record
TN:
SF:src\decay\linear.js
FN:7,(anonymous_0)
FN:16,(anonymous_1)
FN:20,(anonymous_2)
FN:24,(anonymous_3)
FN:31,(anonymous_4)
FN:36,(anonymous_5)
FNF:6
FNH:5
FNDA:1,(anonymous_0)
FNDA:3,(anonymous_1)
FNDA:2,(anonymous_2)
FNDA:2,(anonymous_3)
FNDA:1,(anonymous_4)
FNDA:0,(anonymous_5)
DA:3,1
DA:8,1
DA:9,1
DA:10,1
DA:11,1
DA:12,1
DA:13,1
DA:17,3
DA:21,2
DA:25,2
DA:26,2
DA:27,2
DA:32,1
DA:33,1
DA:37,0
DA:41,1
LF:16
LH:15
BRDA:7,0,0,0
BRDA:7,1,0,0
BRDA:7,2,0,0
BRDA:7,3,0,1
BRDA:12,4,0,0
BRDA:12,4,1,1
BRDA:17,5,0,3
BRDA:17,5,1,0
BRDA:33,6,0,1
BRDA:33,6,1,0
BRF:10
BRH:4
end_of_record
TN:
SF:src\decay\powerLaw.js
FN:7,(anonymous_0)
FN:16,(anonymous_1)
FN:20,(anonymous_2)
FN:24,(anonymous_3)
FN:30,(anonymous_4)
FNF:5
FNH:0
FNDA:0,(anonymous_0)
FNDA:0,(anonymous_1)
FNDA:0,(anonymous_2)
FNDA:0,(anonymous_3)
FNDA:0,(anonymous_4)
DA:3,1
DA:8,0
DA:9,0
DA:10,0
DA:11,0
DA:12,0
DA:13,0
DA:17,0
DA:21,0
DA:25,0
DA:26,0
DA:27,0
DA:31,0
DA:35,1
LF:14
LH:2
BRDA:7,0,0,0
BRDA:7,1,0,0
BRDA:7,2,0,0
BRDA:7,3,0,0
BRDA:12,4,0,0
BRDA:12,4,1,0
BRDA:17,5,0,0
BRDA:17,5,1,0
BRF:8
BRH:0
end_of_record
TN:
SF:src\decay\weibull.js
FN:10,(anonymous_0)
FN:22,(anonymous_1)
FN:26,(anonymous_2)
FN:30,(anonymous_3)
FN:34,(anonymous_4)
FN:42,(anonymous_5)
FNF:6
FNH:5
FNDA:1,(anonymous_0)
FNDA:1,(anonymous_1)
FNDA:1,(anonymous_2)
FNDA:1,(anonymous_3)
FNDA:1,(anonymous_4)
FNDA:0,(anonymous_5)
DA:3,1
DA:12,1
DA:13,1
DA:14,1
DA:15,1
DA:16,1
DA:17,1
DA:18,1
DA:19,1
DA:23,1
DA:27,1
DA:31,1
DA:35,1
DA:36,1
DA:37,1
DA:38,1
DA:39,1
DA:43,0
DA:47,1
LF:19
LH:18
BRDA:10,0,0,0
BRDA:10,1,0,0
BRDA:10,2,0,0
BRDA:10,3,0,1
BRDA:11,4,0,1
BRDA:11,5,0,1
BRDA:18,6,0,0
BRDA:18,6,1,1
BRDA:23,7,0,1
BRDA:23,7,1,0
BRDA:27,8,0,1
BRDA:27,8,1,0
BRDA:38,9,0,0
BRDA:38,9,1,1
BRF:14
BRH:7
end_of_record
TN:
SF:src\retrieval\filter.js
FN:19,(anonymous_0)
FN:27,(anonymous_1)
FN:35,(anonymous_2)
FN:36,(anonymous_3)
FN:45,(anonymous_4)
FN:61,(anonymous_5)
FN:63,(anonymous_6)
FNF:7
FNH:6
FNDA:1,(anonymous_0)
FNDA:0,(anonymous_1)
FNDA:1,(anonymous_2)
FNDA:2,(anonymous_3)
FNDA:1,(anonymous_4)
FNDA:2,(anonymous_5)
FNDA:2,(anonymous_6)
DA:20,1
DA:21,1
DA:22,0
DA:23,1
DA:24,1
DA:27,0
DA:36,2
DA:46,1
DA:47,1
DA:48,2
DA:49,1
DA:51,1
DA:62,2
DA:63,2
DA:67,1
LF:15
LH:13
BRDA:19,0,0,0
BRDA:20,1,0,0
BRDA:20,1,1,1
BRDA:21,2,0,0
BRDA:21,2,1,1
BRDA:21,3,0,1
BRDA:21,3,1,1
BRDA:48,4,0,1
BRDA:48,4,1,1
BRDA:62,5,0,0
BRDA:62,5,1,2
BRF:11
BRH:7
end_of_record
TN:
SF:src\scoring\temporalScorer.js
FN:10,(anonymous_0)
FN:17,(anonymous_1)
FN:22,(anonymous_2)
FN:31,(anonymous_3)
FN:36,(anonymous_4)
FN:37,(anonymous_5)
FN:40,(anonymous_6)
FN:46,(anonymous_7)
FN:51,(anonymous_8)
FN:52,(anonymous_9)
FN:56,(anonymous_10)
FN:60,(anonymous_11)
FN:79,(anonymous_12)
FN:85,(anonymous_13)
FN:86,(anonymous_14)
FN:94,(anonymous_15)
FN:108,(anonymous_16)
FN:113,(anonymous_17)
FN:129,(anonymous_18)
FN:134,(anonymous_19)
FN:138,(anonymous_20)
FNF:21
FNH:13
FNDA:0,(anonymous_0)
FNDA:19,(anonymous_1)
FNDA:4,(anonymous_2)
FNDA:4,(anonymous_3)
FNDA:0,(anonymous_4)
FNDA:3,(anonymous_5)
FNDA:0,(anonymous_6)
FNDA:3,(anonymous_7)
FNDA:0,(anonymous_8)
FNDA:2,(anonymous_9)
FNDA:0,(anonymous_10)
FNDA:10,(anonymous_11)
FNDA:1,(anonymous_12)
FNDA:0,(anonymous_13)
FNDA:0,(anonymous_14)
FNDA:4,(anonymous_15)
FNDA:4,(anonymous_16)
FNDA:6,(anonymous_17)
FNDA:3,(anonymous_18)
FNDA:4,(anonymous_19)
FNDA:0,(anonymous_20)
DA:11,0
DA:17,19
DA:23,4
DA:24,4
DA:32,4
DA:33,4
DA:34,3
DA:36,0
DA:38,3
DA:40,0
DA:47,3
DA:48,3
DA:49,2
DA:51,0
DA:53,2
DA:54,1
DA:56,0
DA:61,10
DA:62,10
DA:63,10
DA:64,10
DA:65,10
DA:80,1
DA:81,1
DA:82,1
DA:85,0
DA:86,0
DA:95,4
DA:96,4
DA:109,4
DA:110,1
DA:111,3
DA:112,2
DA:113,6
DA:130,3
DA:131,2
DA:132,2
DA:134,4
DA:135,2
DA:139,0
DA:143,1
LF:41
LH:33
BRDA:24,0,0,0
BRDA:24,0,1,4
BRDA:33,1,0,1
BRDA:33,1,1,3
BRDA:33,2,0,4
BRDA:33,2,1,4
BRDA:48,3,0,1
BRDA:48,3,1,2
BRDA:48,4,0,3
BRDA:48,4,1,2
BRDA:53,5,0,1
BRDA:53,5,1,1
BRDA:53,6,0,2
BRDA:53,6,1,1
BRDA:79,7,0,1
BRDA:80,8,0,0
BRDA:80,8,1,1
BRDA:82,9,0,1
BRDA:82,9,1,1
BRDA:109,10,0,1
BRDA:109,10,1,3
BRDA:111,11,0,1
BRDA:111,11,1,2
BRDA:129,12,0,1
BRDA:130,13,0,1
BRDA:130,13,1,2
BRDA:130,14,0,3
BRDA:130,14,1,2
BRDA:132,15,0,0
BRDA:132,15,1,2
BRDA:135,16,0,1
BRDA:135,16,1,1
BRF:32
BRH:29
end_of_record
TN:
SF:src\verification\stl.js
FN:21,(anonymous_0)
FN:39,(anonymous_1)
FN:47,(anonymous_2)
FN:56,(anonymous_3)
FN:67,(anonymous_4)
FN:80,(anonymous_5)
FN:83,(anonymous_6)
FN:116,(anonymous_7)
FN:120,(anonymous_8)
FNF:9
FNH:6
FNDA:5,(anonymous_0)
FNDA:1,(anonymous_1)
FNDA:0,(anonymous_2)
FNDA:4,(anonymous_3)
FNDA:5,(anonymous_4)
FNDA:3,(anonymous_5)
FNDA:3,(anonymous_6)
FNDA:0,(anonymous_7)
FNDA:0,(anonymous_8)
DA:23,5
DA:24,5
DA:25,5
DA:26,5
DA:27,5
DA:28,5
DA:29,5
DA:40,1
DA:41,1
DA:42,0
DA:43,1
DA:44,1
DA:47,0
DA:57,4
DA:58,3
DA:59,3
DA:68,5
DA:69,2
DA:80,3
DA:83,3
DA:84,3
DA:85,3
DA:88,3
DA:89,3
DA:90,3
DA:91,3
DA:92,4
DA:93,4
DA:94,4
DA:95,4
DA:99,3
DA:101,3
DA:117,0
DA:121,0
DA:125,1
LF:35
LH:31
BRDA:39,0,0,0
BRDA:40,1,0,0
BRDA:40,1,1,1
BRDA:41,2,0,0
BRDA:41,2,1,1
BRDA:41,3,0,1
BRDA:41,3,1,1
BRDA:57,4,0,1
BRDA:57,4,1,3
BRDA:57,5,0,4
BRDA:57,5,1,4
BRDA:68,6,0,2
BRDA:68,6,1,3
BRDA:68,7,0,5
BRDA:68,7,1,5
BRDA:91,8,0,3
BRDA:91,8,1,0
BRDA:93,9,0,4
BRDA:93,9,1,0
BRDA:99,10,0,0
BRDA:99,10,1,3
BRF:21
BRH:15
end_of_record
